{"C:\\Users\\ebube\\OneDrive\\Masaüstü\\Yazılım\\NASA HACKATHON\\backend\\src\\database.ts": {"path":"C:\\Users\\ebube\\OneDrive\\Masaüstü\\Yazılım\\NASA HACKATHON\\backend\\src\\database.ts","statementMap":{"0":{"start":{"line":1,"column":0},"end":{"line":1,"column":38}},"1":{"start":{"line":2,"column":0},"end":{"line":2,"column":24}},"2":{"start":{"line":3,"column":0},"end":{"line":3,"column":20}},"3":{"start":{"line":6,"column":16},"end":{"line":6,"column":50}},"4":{"start":{"line":7,"column":0},"end":{"line":9,"column":1}},"5":{"start":{"line":8,"column":2},"end":{"line":8,"column":45}},"6":{"start":{"line":11,"column":11},"end":{"line":11,"column":59}},"7":{"start":{"line":14,"column":0},"end":{"line":29,"column":3}},"8":{"start":{"line":31,"column":30},"end":{"line":34,"column":1}},"9":{"start":{"line":32,"column":15},"end":{"line":32,"column":68}},"10":{"start":{"line":33,"column":2},"end":{"line":33,"column":18}},"11":{"start":{"line":31,"column":13},"end":{"line":31,"column":30}},"12":{"start":{"line":36,"column":35},"end":{"line":46,"column":1}},"13":{"start":{"line":37,"column":15},"end":{"line":44,"column":4}},"14":{"start":{"line":45,"column":2},"end":{"line":45,"column":25}},"15":{"start":{"line":36,"column":13},"end":{"line":36,"column":35}},"16":{"start":{"line":57,"column":25},"end":{"line":67,"column":1}},"17":{"start":{"line":58,"column":15},"end":{"line":65,"column":4}},"18":{"start":{"line":66,"column":2},"end":{"line":66,"column":18}},"19":{"start":{"line":57,"column":13},"end":{"line":57,"column":25}},"20":{"start":{"line":69,"column":28},"end":{"line":72,"column":1}},"21":{"start":{"line":70,"column":15},"end":{"line":70,"column":69}},"22":{"start":{"line":71,"column":2},"end":{"line":71,"column":49}},"23":{"start":{"line":69,"column":13},"end":{"line":69,"column":28}},"24":{"start":{"line":74,"column":27},"end":{"line":77,"column":1}},"25":{"start":{"line":75,"column":15},"end":{"line":75,"column":67}},"26":{"start":{"line":76,"column":2},"end":{"line":76,"column":15}},"27":{"start":{"line":74,"column":13},"end":{"line":74,"column":27}},"28":{"start":{"line":79,"column":34},"end":{"line":82,"column":1}},"29":{"start":{"line":80,"column":15},"end":{"line":80,"column":100}},"30":{"start":{"line":81,"column":2},"end":{"line":81,"column":44}},"31":{"start":{"line":79,"column":13},"end":{"line":79,"column":34}}},"fnMap":{"0":{"name":"(anonymous_1)","decl":{"start":{"line":31,"column":30},"end":{"line":31,"column":31}},"loc":{"start":{"line":31,"column":48},"end":{"line":34,"column":1}}},"1":{"name":"(anonymous_2)","decl":{"start":{"line":36,"column":35},"end":{"line":36,"column":36}},"loc":{"start":{"line":36,"column":58},"end":{"line":46,"column":1}}},"2":{"name":"(anonymous_3)","decl":{"start":{"line":57,"column":25},"end":{"line":57,"column":26}},"loc":{"start":{"line":57,"column":48},"end":{"line":67,"column":1}}},"3":{"name":"(anonymous_4)","decl":{"start":{"line":69,"column":28},"end":{"line":69,"column":29}},"loc":{"start":{"line":69,"column":68},"end":{"line":72,"column":1}}},"4":{"name":"(anonymous_5)","decl":{"start":{"line":74,"column":27},"end":{"line":74,"column":28}},"loc":{"start":{"line":74,"column":42},"end":{"line":77,"column":1}}},"5":{"name":"(anonymous_6)","decl":{"start":{"line":79,"column":34},"end":{"line":79,"column":35}},"loc":{"start":{"line":79,"column":69},"end":{"line":82,"column":1}}}},"branchMap":{"0":{"loc":{"start":{"line":7,"column":0},"end":{"line":9,"column":1}},"type":"if","locations":[{"start":{"line":7,"column":0},"end":{"line":9,"column":1}},{"start":{},"end":{}}]},"1":{"loc":{"start":{"line":36,"column":36},"end":{"line":36,"column":54}},"type":"default-arg","locations":[{"start":{"line":36,"column":52},"end":{"line":36,"column":54}}]}},"s":{"0":1,"1":1,"2":1,"3":1,"4":1,"5":0,"6":1,"7":1,"8":1,"9":0,"10":0,"11":1,"12":1,"13":0,"14":0,"15":1,"16":1,"17":1,"18":1,"19":1,"20":1,"21":1,"22":1,"23":1,"24":1,"25":1,"26":1,"27":1,"28":1,"29":1,"30":1,"31":1},"f":{"0":0,"1":0,"2":1,"3":1,"4":1,"5":1},"b":{"0":[0,1],"1":[0]}}
,"C:\\Users\\ebube\\OneDrive\\Masaüstü\\Yazılım\\NASA HACKATHON\\backend\\src\\index.ts": {"path":"C:\\Users\\ebube\\OneDrive\\Masaüstü\\Yazılım\\NASA HACKATHON\\backend\\src\\index.ts","statementMap":{"0":{"start":{"line":1,"column":0},"end":{"line":1,"column":30}},"1":{"start":{"line":2,"column":0},"end":{"line":2,"column":24}},"2":{"start":{"line":3,"column":0},"end":{"line":3,"column":28}},"3":{"start":{"line":4,"column":0},"end":{"line":4,"column":24}},"4":{"start":{"line":5,"column":0},"end":{"line":5,"column":20}},"5":{"start":{"line":6,"column":0},"end":{"line":6,"column":28}},"6":{"start":{"line":7,"column":0},"end":{"line":7,"column":null}},"7":{"start":{"line":15,"column":0},"end":{"line":15,"column":95}},"8":{"start":{"line":16,"column":0},"end":{"line":16,"column":47}},"9":{"start":{"line":17,"column":0},"end":{"line":17,"column":43}},"10":{"start":{"line":18,"column":0},"end":{"line":18,"column":82}},"11":{"start":{"line":19,"column":0},"end":{"line":19,"column":41}},"12":{"start":{"line":22,"column":0},"end":{"line":22,"column":66}},"13":{"start":{"line":23,"column":0},"end":{"line":23,"column":60}},"14":{"start":{"line":25,"column":12},"end":{"line":25,"column":21}},"15":{"start":{"line":402,"column":9},"end":{"line":402,"column":12}},"16":{"start":{"line":26,"column":0},"end":{"line":26,"column":26}},"17":{"start":{"line":27,"column":13},"end":{"line":27,"column":37}},"18":{"start":{"line":30,"column":18},"end":{"line":32,"column":79}},"19":{"start":{"line":34,"column":0},"end":{"line":43,"column":4}},"20":{"start":{"line":36,"column":4},"end":{"line":40,"column":5}},"21":{"start":{"line":37,"column":6},"end":{"line":37,"column":27}},"22":{"start":{"line":39,"column":6},"end":{"line":39,"column":79}},"23":{"start":{"line":45,"column":0},"end":{"line":45,"column":41}},"24":{"start":{"line":46,"column":0},"end":{"line":46,"column":63}},"25":{"start":{"line":48,"column":19},"end":{"line":54,"column":2}},"26":{"start":{"line":56,"column":0},"end":{"line":56,"column":28}},"27":{"start":{"line":58,"column":21},"end":{"line":58,"column":48}},"28":{"start":{"line":59,"column":14},"end":{"line":59,"column":38}},"29":{"start":{"line":61,"column":17},"end":{"line":61,"column":57}},"30":{"start":{"line":62,"column":0},"end":{"line":64,"column":1}},"31":{"start":{"line":63,"column":2},"end":{"line":63,"column":46}},"32":{"start":{"line":65,"column":18},"end":{"line":65,"column":60}},"33":{"start":{"line":66,"column":0},"end":{"line":68,"column":1}},"34":{"start":{"line":67,"column":2},"end":{"line":67,"column":47}},"35":{"start":{"line":71,"column":0},"end":{"line":71,"column":44}},"36":{"start":{"line":72,"column":0},"end":{"line":72,"column":47}},"37":{"start":{"line":77,"column":0},"end":{"line":84,"column":3}},"38":{"start":{"line":78,"column":2},"end":{"line":83,"column":3}},"39":{"start":{"line":79,"column":19},"end":{"line":79,"column":42}},"40":{"start":{"line":80,"column":4},"end":{"line":80,"column":21}},"41":{"start":{"line":82,"column":4},"end":{"line":82,"column":62}},"42":{"start":{"line":87,"column":0},"end":{"line":136,"column":3}},"43":{"start":{"line":88,"column":66},"end":{"line":88,"column":75}},"44":{"start":{"line":89,"column":2},"end":{"line":92,"column":3}},"45":{"start":{"line":90,"column":4},"end":{"line":90,"column":71}},"46":{"start":{"line":91,"column":4},"end":{"line":91,"column":11}},"47":{"start":{"line":94,"column":21},"end":{"line":94,"column":64}},"48":{"start":{"line":95,"column":2},"end":{"line":97,"column":3}},"49":{"start":{"line":96,"column":4},"end":{"line":96,"column":21}},"50":{"start":{"line":99,"column":24},"end":{"line":99,"column":110}},"51":{"start":{"line":100,"column":2},"end":{"line":105,"column":3}},"52":{"start":{"line":101,"column":19},"end":{"line":102,"column":null}},"53":{"start":{"line":102,"column":6},"end":{"line":102,"column":98}},"54":{"start":{"line":104,"column":4},"end":{"line":104,"column":52}},"55":{"start":{"line":104,"column":27},"end":{"line":104,"column":52}},"56":{"start":{"line":107,"column":2},"end":{"line":135,"column":3}},"57":{"start":{"line":108,"column":4},"end":{"line":108,"column":91}},"58":{"start":{"line":108,"column":10},"end":{"line":108,"column":28}},"59":{"start":{"line":108,"column":49},"end":{"line":108,"column":89}},"60":{"start":{"line":110,"column":21},"end":{"line":110,"column":107}},"61":{"start":{"line":111,"column":19},"end":{"line":111,"column":38}},"62":{"start":{"line":112,"column":4},"end":{"line":115,"column":5}},"63":{"start":{"line":113,"column":6},"end":{"line":113,"column":149}},"64":{"start":{"line":114,"column":6},"end":{"line":114,"column":13}},"65":{"start":{"line":117,"column":50},"end":{"line":117,"column":52}},"66":{"start":{"line":118,"column":4},"end":{"line":120,"column":5}},"67":{"start":{"line":119,"column":6},"end":{"line":119,"column":27}},"68":{"start":{"line":121,"column":28},"end":{"line":123,"column":22}},"69":{"start":{"line":122,"column":19},"end":{"line":122,"column":57}},"70":{"start":{"line":124,"column":24},"end":{"line":126,"column":null}},"71":{"start":{"line":129,"column":19},"end":{"line":129,"column":76}},"72":{"start":{"line":130,"column":4},"end":{"line":130,"column":32}},"73":{"start":{"line":132,"column":4},"end":{"line":132,"column":90}},"74":{"start":{"line":134,"column":4},"end":{"line":134,"column":65}},"75":{"start":{"line":139,"column":0},"end":{"line":169,"column":3}},"76":{"start":{"line":140,"column":17},"end":{"line":140,"column":27}},"77":{"start":{"line":141,"column":21},"end":{"line":141,"column":98}},"78":{"start":{"line":143,"column":2},"end":{"line":168,"column":3}},"79":{"start":{"line":144,"column":27},"end":{"line":144,"column":63}},"80":{"start":{"line":145,"column":4},"end":{"line":148,"column":5}},"81":{"start":{"line":146,"column":6},"end":{"line":146,"column":92}},"82":{"start":{"line":147,"column":6},"end":{"line":147,"column":13}},"83":{"start":{"line":150,"column":21},"end":{"line":150,"column":57}},"84":{"start":{"line":151,"column":4},"end":{"line":154,"column":5}},"85":{"start":{"line":152,"column":7},"end":{"line":152,"column":74}},"86":{"start":{"line":153,"column":7},"end":{"line":153,"column":14}},"87":{"start":{"line":156,"column":20},"end":{"line":156,"column":52}},"88":{"start":{"line":157,"column":26},"end":{"line":157,"column":54}},"89":{"start":{"line":158,"column":21},"end":{"line":158,"column":46}},"90":{"start":{"line":160,"column":4},"end":{"line":164,"column":7}},"91":{"start":{"line":166,"column":4},"end":{"line":166,"column":43}},"92":{"start":{"line":167,"column":4},"end":{"line":167,"column":82}},"93":{"start":{"line":172,"column":0},"end":{"line":215,"column":3}},"94":{"start":{"line":173,"column":17},"end":{"line":173,"column":27}},"95":{"start":{"line":174,"column":21},"end":{"line":174,"column":98}},"96":{"start":{"line":176,"column":2},"end":{"line":214,"column":3}},"97":{"start":{"line":177,"column":27},"end":{"line":177,"column":63}},"98":{"start":{"line":178,"column":4},"end":{"line":181,"column":5}},"99":{"start":{"line":179,"column":6},"end":{"line":179,"column":92}},"100":{"start":{"line":180,"column":6},"end":{"line":180,"column":13}},"101":{"start":{"line":183,"column":21},"end":{"line":183,"column":57}},"102":{"start":{"line":184,"column":4},"end":{"line":187,"column":5}},"103":{"start":{"line":185,"column":7},"end":{"line":185,"column":74}},"104":{"start":{"line":186,"column":7},"end":{"line":186,"column":14}},"105":{"start":{"line":189,"column":23},"end":{"line":189,"column":59}},"106":{"start":{"line":192,"column":26},"end":{"line":195,"column":6}},"107":{"start":{"line":193,"column":28},"end":{"line":193,"column":53}},"108":{"start":{"line":194,"column":6},"end":{"line":194,"column":59}},"109":{"start":{"line":197,"column":20},"end":{"line":197,"column":59}},"110":{"start":{"line":198,"column":19},"end":{"line":205,"column":6}},"111":{"start":{"line":199,"column":6},"end":{"line":204,"column":7}},"112":{"start":{"line":200,"column":8},"end":{"line":200,"column":23}},"113":{"start":{"line":202,"column":8},"end":{"line":202,"column":95}},"114":{"start":{"line":203,"column":8},"end":{"line":203,"column":57}},"115":{"start":{"line":207,"column":4},"end":{"line":210,"column":7}},"116":{"start":{"line":212,"column":4},"end":{"line":212,"column":48}},"117":{"start":{"line":213,"column":4},"end":{"line":213,"column":88}},"118":{"start":{"line":218,"column":0},"end":{"line":238,"column":3}},"119":{"start":{"line":219,"column":2},"end":{"line":237,"column":3}},"120":{"start":{"line":220,"column":25},"end":{"line":220,"column":33}},"121":{"start":{"line":221,"column":4},"end":{"line":224,"column":5}},"122":{"start":{"line":222,"column":6},"end":{"line":222,"column":68}},"123":{"start":{"line":223,"column":6},"end":{"line":223,"column":13}},"124":{"start":{"line":226,"column":21},"end":{"line":226,"column":74}},"125":{"start":{"line":227,"column":21},"end":{"line":227,"column":51}},"126":{"start":{"line":228,"column":4},"end":{"line":230,"column":5}},"127":{"start":{"line":229,"column":6},"end":{"line":229,"column":54}},"128":{"start":{"line":232,"column":18},"end":{"line":232,"column":64}},"129":{"start":{"line":233,"column":4},"end":{"line":233,"column":24}},"130":{"start":{"line":235,"column":4},"end":{"line":235,"column":50}},"131":{"start":{"line":236,"column":4},"end":{"line":236,"column":84}},"132":{"start":{"line":241,"column":0},"end":{"line":277,"column":3}},"133":{"start":{"line":242,"column":2},"end":{"line":276,"column":3}},"134":{"start":{"line":243,"column":25},"end":{"line":243,"column":33}},"135":{"start":{"line":244,"column":4},"end":{"line":247,"column":5}},"136":{"start":{"line":245,"column":6},"end":{"line":245,"column":68}},"137":{"start":{"line":246,"column":6},"end":{"line":246,"column":13}},"138":{"start":{"line":249,"column":23},"end":{"line":269,"column":94}},"139":{"start":{"line":271,"column":18},"end":{"line":271,"column":64}},"140":{"start":{"line":272,"column":4},"end":{"line":272,"column":24}},"141":{"start":{"line":274,"column":4},"end":{"line":274,"column":53}},"142":{"start":{"line":275,"column":4},"end":{"line":275,"column":84}},"143":{"start":{"line":282,"column":0},"end":{"line":295,"column":3}},"144":{"start":{"line":283,"column":43},"end":{"line":283,"column":51}},"145":{"start":{"line":284,"column":2},"end":{"line":287,"column":3}},"146":{"start":{"line":285,"column":4},"end":{"line":285,"column":73}},"147":{"start":{"line":286,"column":4},"end":{"line":286,"column":11}},"148":{"start":{"line":288,"column":2},"end":{"line":294,"column":3}},"149":{"start":{"line":289,"column":4},"end":{"line":289,"column":48}},"150":{"start":{"line":290,"column":4},"end":{"line":290,"column":73}},"151":{"start":{"line":292,"column":4},"end":{"line":292,"column":46}},"152":{"start":{"line":293,"column":4},"end":{"line":293,"column":78}},"153":{"start":{"line":298,"column":0},"end":{"line":311,"column":3}},"154":{"start":{"line":299,"column":23},"end":{"line":299,"column":32}},"155":{"start":{"line":300,"column":2},"end":{"line":303,"column":3}},"156":{"start":{"line":301,"column":4},"end":{"line":301,"column":72}},"157":{"start":{"line":302,"column":4},"end":{"line":302,"column":11}},"158":{"start":{"line":304,"column":2},"end":{"line":310,"column":3}},"159":{"start":{"line":305,"column":19},"end":{"line":305,"column":47}},"160":{"start":{"line":306,"column":4},"end":{"line":306,"column":21}},"161":{"start":{"line":308,"column":4},"end":{"line":308,"column":46}},"162":{"start":{"line":309,"column":4},"end":{"line":309,"column":80}},"163":{"start":{"line":314,"column":0},"end":{"line":326,"column":3}},"164":{"start":{"line":315,"column":2},"end":{"line":325,"column":3}},"165":{"start":{"line":316,"column":18},"end":{"line":316,"column":45}},"166":{"start":{"line":317,"column":4},"end":{"line":320,"column":5}},"167":{"start":{"line":318,"column":6},"end":{"line":318,"column":60}},"168":{"start":{"line":319,"column":6},"end":{"line":319,"column":13}},"169":{"start":{"line":321,"column":4},"end":{"line":321,"column":20}},"170":{"start":{"line":323,"column":4},"end":{"line":323,"column":52}},"171":{"start":{"line":324,"column":4},"end":{"line":324,"column":77}},"172":{"start":{"line":329,"column":0},"end":{"line":337,"column":3}},"173":{"start":{"line":330,"column":2},"end":{"line":336,"column":3}},"174":{"start":{"line":331,"column":4},"end":{"line":331,"column":31}},"175":{"start":{"line":332,"column":4},"end":{"line":332,"column":60}},"176":{"start":{"line":334,"column":4},"end":{"line":334,"column":48}},"177":{"start":{"line":335,"column":4},"end":{"line":335,"column":75}},"178":{"start":{"line":340,"column":0},"end":{"line":394,"column":3}},"179":{"start":{"line":341,"column":33},"end":{"line":341,"column":41}},"180":{"start":{"line":342,"column":2},"end":{"line":345,"column":3}},"181":{"start":{"line":343,"column":4},"end":{"line":343,"column":81}},"182":{"start":{"line":344,"column":4},"end":{"line":344,"column":11}},"183":{"start":{"line":347,"column":2},"end":{"line":393,"column":3}},"184":{"start":{"line":348,"column":20},"end":{"line":348,"column":72}},"185":{"start":{"line":349,"column":4},"end":{"line":352,"column":5}},"186":{"start":{"line":350,"column":6},"end":{"line":350,"column":71}},"187":{"start":{"line":351,"column":6},"end":{"line":351,"column":13}},"188":{"start":{"line":354,"column":21},"end":{"line":354,"column":31}},"189":{"start":{"line":355,"column":4},"end":{"line":358,"column":5}},"190":{"start":{"line":356,"column":6},"end":{"line":356,"column":88}},"191":{"start":{"line":357,"column":6},"end":{"line":357,"column":13}},"192":{"start":{"line":360,"column":46},"end":{"line":367,"column":6}},"193":{"start":{"line":369,"column":20},"end":{"line":369,"column":39}},"194":{"start":{"line":370,"column":4},"end":{"line":373,"column":5}},"195":{"start":{"line":371,"column":6},"end":{"line":371,"column":128}},"196":{"start":{"line":372,"column":6},"end":{"line":372,"column":13}},"197":{"start":{"line":375,"column":19},"end":{"line":375,"column":52}},"198":{"start":{"line":377,"column":4},"end":{"line":380,"column":5}},"199":{"start":{"line":378,"column":6},"end":{"line":378,"column":73}},"200":{"start":{"line":379,"column":6},"end":{"line":379,"column":13}},"201":{"start":{"line":382,"column":23},"end":{"line":382,"column":57}},"202":{"start":{"line":383,"column":23},"end":{"line":383,"column":55}},"203":{"start":{"line":385,"column":4},"end":{"line":385,"column":41}},"204":{"start":{"line":387,"column":4},"end":{"line":389,"column":7}},"205":{"start":{"line":391,"column":4},"end":{"line":391,"column":42}},"206":{"start":{"line":392,"column":4},"end":{"line":392,"column":75}},"207":{"start":{"line":396,"column":0},"end":{"line":400,"column":1}},"208":{"start":{"line":397,"column":2},"end":{"line":399,"column":5}},"209":{"start":{"line":398,"column":4},"end":{"line":398,"column":65}}},"fnMap":{"0":{"name":"(anonymous_1)","decl":{"start":{"line":35,"column":10},"end":{"line":35,"column":11}},"loc":{"start":{"line":35,"column":31},"end":{"line":41,"column":3}}},"1":{"name":"(anonymous_2)","decl":{"start":{"line":77,"column":23},"end":{"line":77,"column":24}},"loc":{"start":{"line":77,"column":36},"end":{"line":84,"column":1}}},"2":{"name":"(anonymous_3)","decl":{"start":{"line":87,"column":23},"end":{"line":87,"column":28}},"loc":{"start":{"line":87,"column":42},"end":{"line":136,"column":1}}},"3":{"name":"(anonymous_4)","decl":{"start":{"line":101,"column":50},"end":{"line":101,"column":51}},"loc":{"start":{"line":102,"column":6},"end":{"line":102,"column":98}}},"4":{"name":"(anonymous_5)","decl":{"start":{"line":122,"column":11},"end":{"line":122,"column":15}},"loc":{"start":{"line":122,"column":19},"end":{"line":122,"column":57}}},"5":{"name":"(anonymous_6)","decl":{"start":{"line":139,"column":37},"end":{"line":139,"column":42}},"loc":{"start":{"line":139,"column":56},"end":{"line":169,"column":1}}},"6":{"name":"(anonymous_7)","decl":{"start":{"line":172,"column":42},"end":{"line":172,"column":47}},"loc":{"start":{"line":172,"column":61},"end":{"line":215,"column":1}}},"7":{"name":"(anonymous_8)","decl":{"start":{"line":192,"column":41},"end":{"line":192,"column":46}},"loc":{"start":{"line":192,"column":56},"end":{"line":195,"column":5}}},"8":{"name":"(anonymous_9)","decl":{"start":{"line":198,"column":31},"end":{"line":198,"column":32}},"loc":{"start":{"line":198,"column":42},"end":{"line":205,"column":5}}},"9":{"name":"(anonymous_10)","decl":{"start":{"line":218,"column":32},"end":{"line":218,"column":37}},"loc":{"start":{"line":218,"column":51},"end":{"line":238,"column":1}}},"10":{"name":"(anonymous_11)","decl":{"start":{"line":241,"column":35},"end":{"line":241,"column":40}},"loc":{"start":{"line":241,"column":54},"end":{"line":277,"column":1}}},"11":{"name":"(anonymous_12)","decl":{"start":{"line":282,"column":34},"end":{"line":282,"column":35}},"loc":{"start":{"line":282,"column":47},"end":{"line":295,"column":1}}},"12":{"name":"(anonymous_13)","decl":{"start":{"line":298,"column":33},"end":{"line":298,"column":34}},"loc":{"start":{"line":298,"column":46},"end":{"line":311,"column":1}}},"13":{"name":"(anonymous_14)","decl":{"start":{"line":314,"column":37},"end":{"line":314,"column":38}},"loc":{"start":{"line":314,"column":50},"end":{"line":326,"column":1}}},"14":{"name":"(anonymous_15)","decl":{"start":{"line":329,"column":40},"end":{"line":329,"column":41}},"loc":{"start":{"line":329,"column":53},"end":{"line":337,"column":1}}},"15":{"name":"(anonymous_16)","decl":{"start":{"line":340,"column":24},"end":{"line":340,"column":25}},"loc":{"start":{"line":340,"column":37},"end":{"line":394,"column":1}}},"16":{"name":"(anonymous_17)","decl":{"start":{"line":397,"column":19},"end":{"line":397,"column":22}},"loc":{"start":{"line":397,"column":24},"end":{"line":399,"column":3}}}},"branchMap":{"0":{"loc":{"start":{"line":27,"column":13},"end":{"line":27,"column":37}},"type":"binary-expr","locations":[{"start":{"line":27,"column":13},"end":{"line":27,"column":29}},{"start":{"line":27,"column":33},"end":{"line":27,"column":37}}]},"1":{"loc":{"start":{"line":30,"column":18},"end":{"line":32,"column":79}},"type":"cond-expr","locations":[{"start":{"line":31,"column":4},"end":{"line":31,"column":42}},{"start":{"line":32,"column":4},"end":{"line":32,"column":79}}]},"2":{"loc":{"start":{"line":36,"column":4},"end":{"line":40,"column":5}},"type":"if","locations":[{"start":{"line":36,"column":4},"end":{"line":40,"column":5}},{"start":{"line":38,"column":11},"end":{"line":40,"column":5}}]},"3":{"loc":{"start":{"line":36,"column":8},"end":{"line":36,"column":51}},"type":"binary-expr","locations":[{"start":{"line":36,"column":8},"end":{"line":36,"column":15}},{"start":{"line":36,"column":19},"end":{"line":36,"column":51}}]},"4":{"loc":{"start":{"line":62,"column":0},"end":{"line":64,"column":1}},"type":"if","locations":[{"start":{"line":62,"column":0},"end":{"line":64,"column":1}},{"start":{},"end":{}}]},"5":{"loc":{"start":{"line":66,"column":0},"end":{"line":68,"column":1}},"type":"if","locations":[{"start":{"line":66,"column":0},"end":{"line":68,"column":1}},{"start":{},"end":{}}]},"6":{"loc":{"start":{"line":89,"column":2},"end":{"line":92,"column":3}},"type":"if","locations":[{"start":{"line":89,"column":2},"end":{"line":92,"column":3}},{"start":{},"end":{}}]},"7":{"loc":{"start":{"line":89,"column":6},"end":{"line":89,"column":33}},"type":"binary-expr","locations":[{"start":{"line":89,"column":6},"end":{"line":89,"column":8}},{"start":{"line":89,"column":12},"end":{"line":89,"column":33}}]},"8":{"loc":{"start":{"line":94,"column":21},"end":{"line":94,"column":64}},"type":"cond-expr","locations":[{"start":{"line":94,"column":30},"end":{"line":94,"column":60}},{"start":{"line":94,"column":63},"end":{"line":94,"column":64}}]},"9":{"loc":{"start":{"line":95,"column":2},"end":{"line":97,"column":3}},"type":"if","locations":[{"start":{"line":95,"column":2},"end":{"line":97,"column":3}},{"start":{},"end":{}}]},"10":{"loc":{"start":{"line":95,"column":6},"end":{"line":95,"column":45}},"type":"binary-expr","locations":[{"start":{"line":95,"column":6},"end":{"line":95,"column":25}},{"start":{"line":95,"column":29},"end":{"line":95,"column":45}}]},"11":{"loc":{"start":{"line":100,"column":2},"end":{"line":105,"column":3}},"type":"if","locations":[{"start":{"line":100,"column":2},"end":{"line":105,"column":3}},{"start":{},"end":{}}]},"12":{"loc":{"start":{"line":100,"column":6},"end":{"line":100,"column":54}},"type":"binary-expr","locations":[{"start":{"line":100,"column":6},"end":{"line":100,"column":18}},{"start":{"line":100,"column":22},"end":{"line":100,"column":54}}]},"13":{"loc":{"start":{"line":104,"column":4},"end":{"line":104,"column":52}},"type":"if","locations":[{"start":{"line":104,"column":4},"end":{"line":104,"column":52}},{"start":{},"end":{}}]},"14":{"loc":{"start":{"line":112,"column":4},"end":{"line":115,"column":5}},"type":"if","locations":[{"start":{"line":112,"column":4},"end":{"line":115,"column":5}},{"start":{},"end":{}}]},"15":{"loc":{"start":{"line":125,"column":6},"end":{"line":125,"column":94}},"type":"cond-expr","locations":[{"start":{"line":125,"column":35},"end":{"line":125,"column":50}},{"start":{"line":125,"column":53},"end":{"line":125,"column":94}}]},"16":{"loc":{"start":{"line":141,"column":22},"end":{"line":141,"column":60}},"type":"binary-expr","locations":[{"start":{"line":141,"column":22},"end":{"line":141,"column":48}},{"start":{"line":141,"column":52},"end":{"line":141,"column":60}}]},"17":{"loc":{"start":{"line":145,"column":4},"end":{"line":148,"column":5}},"type":"if","locations":[{"start":{"line":145,"column":4},"end":{"line":148,"column":5}},{"start":{},"end":{}}]},"18":{"loc":{"start":{"line":151,"column":4},"end":{"line":154,"column":5}},"type":"if","locations":[{"start":{"line":151,"column":4},"end":{"line":154,"column":5}},{"start":{},"end":{}}]},"19":{"loc":{"start":{"line":151,"column":8},"end":{"line":151,"column":49}},"type":"binary-expr","locations":[{"start":{"line":151,"column":8},"end":{"line":151,"column":17}},{"start":{"line":151,"column":21},"end":{"line":151,"column":49}}]},"20":{"loc":{"start":{"line":167,"column":34},"end":{"line":167,"column":78}},"type":"binary-expr","locations":[{"start":{"line":167,"column":34},"end":{"line":167,"column":47}},{"start":{"line":167,"column":51},"end":{"line":167,"column":78}}]},"21":{"loc":{"start":{"line":174,"column":22},"end":{"line":174,"column":60}},"type":"binary-expr","locations":[{"start":{"line":174,"column":22},"end":{"line":174,"column":48}},{"start":{"line":174,"column":52},"end":{"line":174,"column":60}}]},"22":{"loc":{"start":{"line":178,"column":4},"end":{"line":181,"column":5}},"type":"if","locations":[{"start":{"line":178,"column":4},"end":{"line":181,"column":5}},{"start":{},"end":{}}]},"23":{"loc":{"start":{"line":184,"column":4},"end":{"line":187,"column":5}},"type":"if","locations":[{"start":{"line":184,"column":4},"end":{"line":187,"column":5}},{"start":{},"end":{}}]},"24":{"loc":{"start":{"line":184,"column":8},"end":{"line":184,"column":49}},"type":"binary-expr","locations":[{"start":{"line":184,"column":8},"end":{"line":184,"column":17}},{"start":{"line":184,"column":21},"end":{"line":184,"column":49}}]},"25":{"loc":{"start":{"line":199,"column":6},"end":{"line":204,"column":7}},"type":"if","locations":[{"start":{"line":199,"column":6},"end":{"line":204,"column":7}},{"start":{"line":201,"column":13},"end":{"line":204,"column":7}}]},"26":{"loc":{"start":{"line":213,"column":34},"end":{"line":213,"column":84}},"type":"binary-expr","locations":[{"start":{"line":213,"column":34},"end":{"line":213,"column":47}},{"start":{"line":213,"column":51},"end":{"line":213,"column":84}}]},"27":{"loc":{"start":{"line":221,"column":4},"end":{"line":224,"column":5}},"type":"if","locations":[{"start":{"line":221,"column":4},"end":{"line":224,"column":5}},{"start":{},"end":{}}]},"28":{"loc":{"start":{"line":221,"column":8},"end":{"line":221,"column":45}},"type":"binary-expr","locations":[{"start":{"line":221,"column":8},"end":{"line":221,"column":17}},{"start":{"line":221,"column":21},"end":{"line":221,"column":45}}]},"29":{"loc":{"start":{"line":228,"column":4},"end":{"line":230,"column":5}},"type":"if","locations":[{"start":{"line":228,"column":4},"end":{"line":230,"column":5}},{"start":{},"end":{}}]},"30":{"loc":{"start":{"line":236,"column":34},"end":{"line":236,"column":80}},"type":"binary-expr","locations":[{"start":{"line":236,"column":34},"end":{"line":236,"column":47}},{"start":{"line":236,"column":51},"end":{"line":236,"column":80}}]},"31":{"loc":{"start":{"line":244,"column":4},"end":{"line":247,"column":5}},"type":"if","locations":[{"start":{"line":244,"column":4},"end":{"line":247,"column":5}},{"start":{},"end":{}}]},"32":{"loc":{"start":{"line":244,"column":8},"end":{"line":244,"column":45}},"type":"binary-expr","locations":[{"start":{"line":244,"column":8},"end":{"line":244,"column":17}},{"start":{"line":244,"column":21},"end":{"line":244,"column":45}}]},"33":{"loc":{"start":{"line":275,"column":34},"end":{"line":275,"column":80}},"type":"binary-expr","locations":[{"start":{"line":275,"column":34},"end":{"line":275,"column":47}},{"start":{"line":275,"column":51},"end":{"line":275,"column":80}}]},"34":{"loc":{"start":{"line":284,"column":2},"end":{"line":287,"column":3}},"type":"if","locations":[{"start":{"line":284,"column":2},"end":{"line":287,"column":3}},{"start":{},"end":{}}]},"35":{"loc":{"start":{"line":284,"column":6},"end":{"line":284,"column":32}},"type":"binary-expr","locations":[{"start":{"line":284,"column":6},"end":{"line":284,"column":9}},{"start":{"line":284,"column":13},"end":{"line":284,"column":22}},{"start":{"line":284,"column":26},"end":{"line":284,"column":32}}]},"36":{"loc":{"start":{"line":300,"column":2},"end":{"line":303,"column":3}},"type":"if","locations":[{"start":{"line":300,"column":2},"end":{"line":303,"column":3}},{"start":{},"end":{}}]},"37":{"loc":{"start":{"line":300,"column":6},"end":{"line":300,"column":47}},"type":"binary-expr","locations":[{"start":{"line":300,"column":6},"end":{"line":300,"column":15}},{"start":{"line":300,"column":19},"end":{"line":300,"column":47}}]},"38":{"loc":{"start":{"line":317,"column":4},"end":{"line":320,"column":5}},"type":"if","locations":[{"start":{"line":317,"column":4},"end":{"line":320,"column":5}},{"start":{},"end":{}}]},"39":{"loc":{"start":{"line":342,"column":2},"end":{"line":345,"column":3}},"type":"if","locations":[{"start":{"line":342,"column":2},"end":{"line":345,"column":3}},{"start":{},"end":{}}]},"40":{"loc":{"start":{"line":342,"column":6},"end":{"line":342,"column":28}},"type":"binary-expr","locations":[{"start":{"line":342,"column":6},"end":{"line":342,"column":15}},{"start":{"line":342,"column":19},"end":{"line":342,"column":28}}]},"41":{"loc":{"start":{"line":349,"column":4},"end":{"line":352,"column":5}},"type":"if","locations":[{"start":{"line":349,"column":4},"end":{"line":352,"column":5}},{"start":{},"end":{}}]},"42":{"loc":{"start":{"line":349,"column":8},"end":{"line":349,"column":40}},"type":"binary-expr","locations":[{"start":{"line":349,"column":8},"end":{"line":349,"column":16}},{"start":{"line":349,"column":20},"end":{"line":349,"column":40}}]},"43":{"loc":{"start":{"line":355,"column":4},"end":{"line":358,"column":5}},"type":"if","locations":[{"start":{"line":355,"column":4},"end":{"line":358,"column":5}},{"start":{},"end":{}}]},"44":{"loc":{"start":{"line":370,"column":4},"end":{"line":373,"column":5}},"type":"if","locations":[{"start":{"line":370,"column":4},"end":{"line":373,"column":5}},{"start":{},"end":{}}]},"45":{"loc":{"start":{"line":377,"column":4},"end":{"line":380,"column":5}},"type":"if","locations":[{"start":{"line":377,"column":4},"end":{"line":380,"column":5}},{"start":{},"end":{}}]},"46":{"loc":{"start":{"line":396,"column":0},"end":{"line":400,"column":1}},"type":"if","locations":[{"start":{"line":396,"column":0},"end":{"line":400,"column":1}},{"start":{},"end":{}}]}},"s":{"0":1,"1":1,"2":1,"3":1,"4":1,"5":1,"6":1,"7":1,"8":1,"9":1,"10":1,"11":1,"12":1,"13":1,"14":1,"15":1,"16":1,"17":1,"18":1,"19":1,"20":18,"21":18,"22":0,"23":1,"24":1,"25":1,"26":1,"27":1,"28":1,"29":1,"30":1,"31":0,"32":1,"33":1,"34":0,"35":1,"36":1,"37":1,"38":2,"39":2,"40":1,"41":1,"42":1,"43":2,"44":2,"45":1,"46":1,"47":1,"48":1,"49":0,"50":1,"51":1,"52":1,"53":1,"54":1,"55":1,"56":1,"57":1,"58":1,"59":0,"60":1,"61":1,"62":1,"63":0,"64":0,"65":1,"66":1,"67":7,"68":1,"69":1,"70":1,"71":1,"72":1,"73":1,"74":0,"75":1,"76":2,"77":2,"78":2,"79":2,"80":2,"81":1,"82":1,"83":1,"84":1,"85":0,"86":0,"87":1,"88":1,"89":1,"90":1,"91":0,"92":0,"93":1,"94":1,"95":1,"96":1,"97":1,"98":1,"99":0,"100":0,"101":1,"102":1,"103":0,"104":0,"105":1,"106":1,"107":2,"108":1,"109":1,"110":1,"111":2,"112":1,"113":1,"114":1,"115":1,"116":0,"117":0,"118":1,"119":1,"120":1,"121":1,"122":0,"123":0,"124":1,"125":1,"126":1,"127":1,"128":1,"129":1,"130":0,"131":0,"132":1,"133":1,"134":1,"135":1,"136":0,"137":0,"138":1,"139":1,"140":1,"141":0,"142":0,"143":1,"144":1,"145":1,"146":0,"147":0,"148":1,"149":1,"150":1,"151":0,"152":0,"153":1,"154":1,"155":1,"156":0,"157":0,"158":1,"159":1,"160":1,"161":0,"162":0,"163":1,"164":1,"165":1,"166":1,"167":0,"168":0,"169":1,"170":0,"171":0,"172":1,"173":1,"174":1,"175":1,"176":0,"177":0,"178":1,"179":5,"180":5,"181":0,"182":0,"183":5,"184":5,"185":5,"186":1,"187":1,"188":4,"189":4,"190":1,"191":1,"192":3,"193":3,"194":3,"195":0,"196":0,"197":3,"198":3,"199":1,"200":1,"201":2,"202":2,"203":2,"204":2,"205":0,"206":0,"207":1,"208":0,"209":0},"f":{"0":18,"1":2,"2":2,"3":1,"4":1,"5":2,"6":1,"7":2,"8":2,"9":1,"10":1,"11":1,"12":1,"13":1,"14":1,"15":5,"16":0},"b":{"0":[1,0],"1":[1,0],"2":[18,0],"3":[18,0],"4":[0,1],"5":[0,1],"6":[1,1],"7":[2,1],"8":[0,1],"9":[0,1],"10":[1,1],"11":[1,0],"12":[1,1],"13":[1,0],"14":[0,1],"15":[1,0],"16":[2,0],"17":[1,1],"18":[0,1],"19":[1,1],"20":[0,0],"21":[1,0],"22":[0,1],"23":[0,1],"24":[1,1],"25":[1,1],"26":[0,0],"27":[0,1],"28":[1,1],"29":[1,0],"30":[0,0],"31":[0,1],"32":[1,1],"33":[0,0],"34":[0,1],"35":[1,1,1],"36":[0,1],"37":[1,1],"38":[0,1],"39":[0,5],"40":[5,5],"41":[1,4],"42":[5,4],"43":[1,3],"44":[0,3],"45":[1,2],"46":[0,1]}}
,"C:\\Users\\ebube\\OneDrive\\Masaüstü\\Yazılım\\NASA HACKATHON\\backend\\src\\services\\cache.ts": {"path":"C:\\Users\\ebube\\OneDrive\\Masaüstü\\Yazılım\\NASA HACKATHON\\backend\\src\\services\\cache.ts","statementMap":{"0":{"start":{"line":7,"column":18},"end":{"line":7,"column":50}},"1":{"start":{"line":11,"column":4},"end":{"line":11,"column":35}},"2":{"start":{"line":15,"column":18},"end":{"line":15,"column":37}},"3":{"start":{"line":16,"column":4},"end":{"line":16,"column":33}},"4":{"start":{"line":16,"column":16},"end":{"line":16,"column":33}},"5":{"start":{"line":17,"column":4},"end":{"line":20,"column":5}},"6":{"start":{"line":18,"column":6},"end":{"line":18,"column":29}},"7":{"start":{"line":19,"column":6},"end":{"line":19,"column":23}},"8":{"start":{"line":21,"column":4},"end":{"line":21,"column":23}},"9":{"start":{"line":25,"column":16},"end":{"line":25,"column":40}},"10":{"start":{"line":26,"column":4},"end":{"line":26,"column":64}},"11":{"start":{"line":30,"column":4},"end":{"line":30,"column":39}},"12":{"start":{"line":34,"column":4},"end":{"line":34,"column":23}},"13":{"start":{"line":6,"column":0},"end":{"line":6,"column":13}}},"fnMap":{"0":{"name":"(anonymous_0)","decl":{"start":{"line":10,"column":2},"end":{"line":10,"column":14}},"loc":{"start":{"line":10,"column":50},"end":{"line":12,"column":3}}},"1":{"name":"(anonymous_1)","decl":{"start":{"line":14,"column":2},"end":{"line":14,"column":5}},"loc":{"start":{"line":14,"column":17},"end":{"line":22,"column":3}}},"2":{"name":"(anonymous_2)","decl":{"start":{"line":24,"column":2},"end":{"line":24,"column":5}},"loc":{"start":{"line":24,"column":43},"end":{"line":27,"column":3}}},"3":{"name":"(anonymous_3)","decl":{"start":{"line":29,"column":2},"end":{"line":29,"column":5}},"loc":{"start":{"line":29,"column":17},"end":{"line":31,"column":3}}},"4":{"name":"(anonymous_4)","decl":{"start":{"line":33,"column":2},"end":{"line":33,"column":7}},"loc":{"start":{"line":33,"column":7},"end":{"line":35,"column":3}}}},"branchMap":{"0":{"loc":{"start":{"line":10,"column":14},"end":{"line":10,"column":50}},"type":"default-arg","locations":[{"start":{"line":10,"column":37},"end":{"line":10,"column":50}}]},"1":{"loc":{"start":{"line":16,"column":4},"end":{"line":16,"column":33}},"type":"if","locations":[{"start":{"line":16,"column":4},"end":{"line":16,"column":33}},{"start":{},"end":{}}]},"2":{"loc":{"start":{"line":17,"column":4},"end":{"line":20,"column":5}},"type":"if","locations":[{"start":{"line":17,"column":4},"end":{"line":20,"column":5}},{"start":{},"end":{}}]},"3":{"loc":{"start":{"line":25,"column":16},"end":{"line":25,"column":40}},"type":"binary-expr","locations":[{"start":{"line":25,"column":16},"end":{"line":25,"column":21}},{"start":{"line":25,"column":25},"end":{"line":25,"column":40}}]}},"s":{"0":1,"1":1,"2":1,"3":1,"4":1,"5":0,"6":0,"7":0,"8":0,"9":1,"10":1,"11":0,"12":0,"13":1},"f":{"0":1,"1":1,"2":1,"3":0,"4":0},"b":{"0":[0],"1":[1,0],"2":[0,0],"3":[1,1]}}
,"C:\\Users\\ebube\\OneDrive\\Masaüstü\\Yazılım\\NASA HACKATHON\\backend\\src\\services\\gemini.ts": {"path":"C:\\Users\\ebube\\OneDrive\\Masaüstü\\Yazılım\\NASA HACKATHON\\backend\\src\\services\\gemini.ts","statementMap":{"0":{"start":{"line":1,"column":0},"end":{"line":1,"column":44}},"1":{"start":{"line":2,"column":0},"end":{"line":2,"column":28}},"2":{"start":{"line":3,"column":0},"end":{"line":3,"column":24}},"3":{"start":{"line":6,"column":16},"end":{"line":9,"column":1}},"4":{"start":{"line":7,"column":2},"end":{"line":7,"column":71}},"5":{"start":{"line":8,"column":2},"end":{"line":8,"column":65}},"6":{"start":{"line":11,"column":0},"end":{"line":11,"column":10}},"7":{"start":{"line":13,"column":33},"end":{"line":56,"column":1}},"8":{"start":{"line":14,"column":16},"end":{"line":14,"column":27}},"9":{"start":{"line":17,"column":2},"end":{"line":19,"column":3}},"10":{"start":{"line":18,"column":4},"end":{"line":18,"column":78}},"11":{"start":{"line":20,"column":2},"end":{"line":20,"column":27}},"12":{"start":{"line":23,"column":2},"end":{"line":25,"column":16}},"13":{"start":{"line":24,"column":4},"end":{"line":24,"column":31}},"14":{"start":{"line":28,"column":2},"end":{"line":31,"column":16}},"15":{"start":{"line":29,"column":34},"end":{"line":29,"column":71}},"16":{"start":{"line":30,"column":4},"end":{"line":30,"column":45}},"17":{"start":{"line":34,"column":23},"end":{"line":34,"column":43}},"18":{"start":{"line":35,"column":22},"end":{"line":35,"column":46}},"19":{"start":{"line":36,"column":2},"end":{"line":42,"column":3}},"20":{"start":{"line":37,"column":4},"end":{"line":41,"column":20}},"21":{"start":{"line":38,"column":24},"end":{"line":38,"column":72}},"22":{"start":{"line":39,"column":25},"end":{"line":39,"column":64}},"23":{"start":{"line":40,"column":6},"end":{"line":40,"column":36}},"24":{"start":{"line":45,"column":21},"end":{"line":45,"column":41}},"25":{"start":{"line":46,"column":20},"end":{"line":46,"column":44}},"26":{"start":{"line":47,"column":2},"end":{"line":53,"column":3}},"27":{"start":{"line":48,"column":4},"end":{"line":52,"column":20}},"28":{"start":{"line":49,"column":25},"end":{"line":49,"column":69}},"29":{"start":{"line":50,"column":23},"end":{"line":50,"column":63}},"30":{"start":{"line":51,"column":6},"end":{"line":51,"column":34}},"31":{"start":{"line":55,"column":2},"end":{"line":55,"column":59}},"32":{"start":{"line":13,"column":13},"end":{"line":13,"column":33}},"33":{"start":{"line":58,"column":35},"end":{"line":78,"column":1}},"34":{"start":{"line":64,"column":21},"end":{"line":64,"column":42}},"35":{"start":{"line":65,"column":20},"end":{"line":65,"column":63}},"36":{"start":{"line":65,"column":37},"end":{"line":65,"column":55}},"37":{"start":{"line":66,"column":2},"end":{"line":77,"column":3}},"38":{"start":{"line":67,"column":4},"end":{"line":74,"column":6}},"39":{"start":{"line":76,"column":4},"end":{"line":76,"column":28}},"40":{"start":{"line":80,"column":18},"end":{"line":83,"column":1}},"41":{"start":{"line":81,"column":2},"end":{"line":81,"column":12}},"42":{"start":{"line":82,"column":2},"end":{"line":82,"column":42}},"43":{"start":{"line":85,"column":32},"end":{"line":108,"column":1}},"44":{"start":{"line":86,"column":17},"end":{"line":86,"column":28}},"45":{"start":{"line":87,"column":2},"end":{"line":89,"column":3}},"46":{"start":{"line":88,"column":4},"end":{"line":88,"column":70}},"47":{"start":{"line":91,"column":13},"end":{"line":91,"column":40}},"48":{"start":{"line":93,"column":17},"end":{"line":99,"column":2}},"49":{"start":{"line":101,"column":2},"end":{"line":107,"column":3}},"50":{"start":{"line":102,"column":21},"end":{"line":102,"column":85}},"51":{"start":{"line":103,"column":4},"end":{"line":103,"column":31}},"52":{"start":{"line":105,"column":4},"end":{"line":105,"column":56}},"53":{"start":{"line":106,"column":4},"end":{"line":106,"column":64}},"54":{"start":{"line":85,"column":13},"end":{"line":85,"column":32}},"55":{"start":{"line":110,"column":36},"end":{"line":139,"column":1}},"56":{"start":{"line":111,"column":17},"end":{"line":111,"column":28}},"57":{"start":{"line":112,"column":2},"end":{"line":114,"column":3}},"58":{"start":{"line":113,"column":4},"end":{"line":113,"column":70}},"59":{"start":{"line":116,"column":13},"end":{"line":116,"column":40}},"60":{"start":{"line":118,"column":17},"end":{"line":128,"column":2}},"61":{"start":{"line":130,"column":2},"end":{"line":138,"column":3}},"62":{"start":{"line":131,"column":21},"end":{"line":131,"column":85}},"63":{"start":{"line":132,"column":21},"end":{"line":132,"column":42}},"64":{"start":{"line":133,"column":29},"end":{"line":133,"column":58}},"65":{"start":{"line":134,"column":4},"end":{"line":134,"column":18}},"66":{"start":{"line":136,"column":4},"end":{"line":136,"column":66}},"67":{"start":{"line":137,"column":4},"end":{"line":137,"column":75}},"68":{"start":{"line":110,"column":13},"end":{"line":110,"column":36}},"69":{"start":{"line":141,"column":34},"end":{"line":155,"column":1}},"70":{"start":{"line":142,"column":17},"end":{"line":142,"column":28}},"71":{"start":{"line":143,"column":2},"end":{"line":145,"column":3}},"72":{"start":{"line":144,"column":4},"end":{"line":144,"column":70}},"73":{"start":{"line":146,"column":13},"end":{"line":146,"column":40}},"74":{"start":{"line":148,"column":2},"end":{"line":154,"column":3}},"75":{"start":{"line":149,"column":21},"end":{"line":149,"column":122}},"76":{"start":{"line":150,"column":4},"end":{"line":150,"column":31}},"77":{"start":{"line":152,"column":4},"end":{"line":152,"column":47}},"78":{"start":{"line":153,"column":4},"end":{"line":153,"column":57}},"79":{"start":{"line":141,"column":13},"end":{"line":141,"column":34}},"80":{"start":{"line":157,"column":36},"end":{"line":184,"column":1}},"81":{"start":{"line":158,"column":17},"end":{"line":158,"column":28}},"82":{"start":{"line":159,"column":2},"end":{"line":161,"column":3}},"83":{"start":{"line":160,"column":4},"end":{"line":160,"column":55}},"84":{"start":{"line":163,"column":13},"end":{"line":163,"column":40}},"85":{"start":{"line":164,"column":17},"end":{"line":173,"column":2}},"86":{"start":{"line":175,"column":2},"end":{"line":183,"column":3}},"87":{"start":{"line":176,"column":21},"end":{"line":176,"column":85}},"88":{"start":{"line":177,"column":21},"end":{"line":177,"column":42}},"89":{"start":{"line":178,"column":21},"end":{"line":178,"column":50}},"90":{"start":{"line":179,"column":4},"end":{"line":179,"column":51}},"91":{"start":{"line":181,"column":4},"end":{"line":181,"column":58}},"92":{"start":{"line":182,"column":4},"end":{"line":182,"column":55}},"93":{"start":{"line":157,"column":13},"end":{"line":157,"column":36}},"94":{"start":{"line":186,"column":36},"end":{"line":200,"column":1}},"95":{"start":{"line":187,"column":17},"end":{"line":187,"column":28}},"96":{"start":{"line":188,"column":2},"end":{"line":190,"column":3}},"97":{"start":{"line":189,"column":4},"end":{"line":189,"column":94}},"98":{"start":{"line":191,"column":13},"end":{"line":191,"column":40}},"99":{"start":{"line":192,"column":17},"end":{"line":192,"column":259}},"100":{"start":{"line":193,"column":2},"end":{"line":199,"column":3}},"101":{"start":{"line":194,"column":21},"end":{"line":194,"column":85}},"102":{"start":{"line":195,"column":4},"end":{"line":195,"column":39}},"103":{"start":{"line":197,"column":4},"end":{"line":197,"column":67}},"104":{"start":{"line":198,"column":4},"end":{"line":198,"column":86}},"105":{"start":{"line":186,"column":13},"end":{"line":186,"column":36}},"106":{"start":{"line":202,"column":30},"end":{"line":215,"column":1}},"107":{"start":{"line":203,"column":15},"end":{"line":203,"column":17}},"108":{"start":{"line":204,"column":2},"end":{"line":213,"column":3}},"109":{"start":{"line":204,"column":15},"end":{"line":204,"column":16}},"110":{"start":{"line":205,"column":4},"end":{"line":212,"column":7}},"111":{"start":{"line":214,"column":2},"end":{"line":214,"column":14}}},"fnMap":{"0":{"name":"(anonymous_1)","decl":{"start":{"line":6,"column":16},"end":{"line":6,"column":19}},"loc":{"start":{"line":6,"column":21},"end":{"line":9,"column":1}}},"1":{"name":"(anonymous_2)","decl":{"start":{"line":13,"column":33},"end":{"line":13,"column":34}},"loc":{"start":{"line":13,"column":55},"end":{"line":56,"column":1}}},"2":{"name":"(anonymous_3)","decl":{"start":{"line":58,"column":35},"end":{"line":58,"column":40}},"loc":{"start":{"line":63,"column":18},"end":{"line":78,"column":1}}},"3":{"name":"(anonymous_4)","decl":{"start":{"line":65,"column":31},"end":{"line":65,"column":34}},"loc":{"start":{"line":65,"column":37},"end":{"line":65,"column":55}}},"4":{"name":"(anonymous_5)","decl":{"start":{"line":80,"column":18},"end":{"line":80,"column":29}},"loc":{"start":{"line":80,"column":31},"end":{"line":83,"column":1}}},"5":{"name":"(anonymous_6)","decl":{"start":{"line":85,"column":32},"end":{"line":85,"column":37}},"loc":{"start":{"line":85,"column":72},"end":{"line":108,"column":1}}},"6":{"name":"(anonymous_7)","decl":{"start":{"line":110,"column":36},"end":{"line":110,"column":41}},"loc":{"start":{"line":110,"column":78},"end":{"line":139,"column":1}}},"7":{"name":"(anonymous_8)","decl":{"start":{"line":141,"column":34},"end":{"line":141,"column":39}},"loc":{"start":{"line":141,"column":137},"end":{"line":155,"column":1}}},"8":{"name":"(anonymous_9)","decl":{"start":{"line":157,"column":36},"end":{"line":157,"column":41}},"loc":{"start":{"line":157,"column":122},"end":{"line":184,"column":1}}},"9":{"name":"(anonymous_10)","decl":{"start":{"line":186,"column":36},"end":{"line":186,"column":41}},"loc":{"start":{"line":186,"column":120},"end":{"line":200,"column":1}}},"10":{"name":"(anonymous_11)","decl":{"start":{"line":202,"column":30},"end":{"line":202,"column":31}},"loc":{"start":{"line":202,"column":94},"end":{"line":215,"column":1}}}},"branchMap":{"0":{"loc":{"start":{"line":17,"column":2},"end":{"line":19,"column":3}},"type":"if","locations":[{"start":{"line":17,"column":2},"end":{"line":19,"column":3}},{"start":{},"end":{}}]},"1":{"loc":{"start":{"line":36,"column":2},"end":{"line":42,"column":3}},"type":"if","locations":[{"start":{"line":36,"column":2},"end":{"line":42,"column":3}},{"start":{},"end":{}}]},"2":{"loc":{"start":{"line":36,"column":6},"end":{"line":36,"column":77}},"type":"binary-expr","locations":[{"start":{"line":36,"column":6},"end":{"line":36,"column":25}},{"start":{"line":36,"column":29},"end":{"line":36,"column":47}},{"start":{"line":36,"column":51},"end":{"line":36,"column":77}}]},"3":{"loc":{"start":{"line":47,"column":2},"end":{"line":53,"column":3}},"type":"if","locations":[{"start":{"line":47,"column":2},"end":{"line":53,"column":3}},{"start":{},"end":{}}]},"4":{"loc":{"start":{"line":47,"column":6},"end":{"line":47,"column":69}},"type":"binary-expr","locations":[{"start":{"line":47,"column":6},"end":{"line":47,"column":23}},{"start":{"line":47,"column":27},"end":{"line":47,"column":43}},{"start":{"line":47,"column":47},"end":{"line":47,"column":69}}]},"5":{"loc":{"start":{"line":71,"column":12},"end":{"line":71,"column":36}},"type":"cond-expr","locations":[{"start":{"line":71,"column":21},"end":{"line":71,"column":31}},{"start":{"line":71,"column":34},"end":{"line":71,"column":36}}]},"6":{"loc":{"start":{"line":82,"column":9},"end":{"line":82,"column":41}},"type":"binary-expr","locations":[{"start":{"line":82,"column":9},"end":{"line":82,"column":35}},{"start":{"line":82,"column":39},"end":{"line":82,"column":41}}]},"7":{"loc":{"start":{"line":87,"column":2},"end":{"line":89,"column":3}},"type":"if","locations":[{"start":{"line":87,"column":2},"end":{"line":89,"column":3}},{"start":{},"end":{}}]},"8":{"loc":{"start":{"line":87,"column":6},"end":{"line":87,"column":54}},"type":"binary-expr","locations":[{"start":{"line":87,"column":6},"end":{"line":87,"column":13}},{"start":{"line":87,"column":17},"end":{"line":87,"column":54}}]},"9":{"loc":{"start":{"line":103,"column":11},"end":{"line":103,"column":30}},"type":"binary-expr","locations":[{"start":{"line":103,"column":11},"end":{"line":103,"column":24}},{"start":{"line":103,"column":28},"end":{"line":103,"column":30}}]},"10":{"loc":{"start":{"line":112,"column":2},"end":{"line":114,"column":3}},"type":"if","locations":[{"start":{"line":112,"column":2},"end":{"line":114,"column":3}},{"start":{},"end":{}}]},"11":{"loc":{"start":{"line":112,"column":6},"end":{"line":112,"column":54}},"type":"binary-expr","locations":[{"start":{"line":112,"column":6},"end":{"line":112,"column":13}},{"start":{"line":112,"column":17},"end":{"line":112,"column":54}}]},"12":{"loc":{"start":{"line":132,"column":21},"end":{"line":132,"column":42}},"type":"binary-expr","locations":[{"start":{"line":132,"column":21},"end":{"line":132,"column":34}},{"start":{"line":132,"column":38},"end":{"line":132,"column":42}}]},"13":{"loc":{"start":{"line":143,"column":2},"end":{"line":145,"column":3}},"type":"if","locations":[{"start":{"line":143,"column":2},"end":{"line":145,"column":3}},{"start":{},"end":{}}]},"14":{"loc":{"start":{"line":143,"column":6},"end":{"line":143,"column":54}},"type":"binary-expr","locations":[{"start":{"line":143,"column":6},"end":{"line":143,"column":13}},{"start":{"line":143,"column":17},"end":{"line":143,"column":54}}]},"15":{"loc":{"start":{"line":150,"column":11},"end":{"line":150,"column":30}},"type":"binary-expr","locations":[{"start":{"line":150,"column":11},"end":{"line":150,"column":24}},{"start":{"line":150,"column":28},"end":{"line":150,"column":30}}]},"16":{"loc":{"start":{"line":159,"column":2},"end":{"line":161,"column":3}},"type":"if","locations":[{"start":{"line":159,"column":2},"end":{"line":161,"column":3}},{"start":{},"end":{}}]},"17":{"loc":{"start":{"line":159,"column":6},"end":{"line":159,"column":65}},"type":"binary-expr","locations":[{"start":{"line":159,"column":6},"end":{"line":159,"column":13}},{"start":{"line":159,"column":17},"end":{"line":159,"column":54}},{"start":{"line":159,"column":58},"end":{"line":159,"column":65}}]},"18":{"loc":{"start":{"line":164,"column":157},"end":{"line":164,"column":210}},"type":"cond-expr","locations":[{"start":{"line":164,"column":181},"end":{"line":164,"column":198}},{"start":{"line":164,"column":201},"end":{"line":164,"column":210}}]},"19":{"loc":{"start":{"line":172,"column":9},"end":{"line":172,"column":166}},"type":"cond-expr","locations":[{"start":{"line":172,"column":33},"end":{"line":172,"column":60}},{"start":{"line":172,"column":63},"end":{"line":172,"column":166}}]},"20":{"loc":{"start":{"line":177,"column":21},"end":{"line":177,"column":42}},"type":"binary-expr","locations":[{"start":{"line":177,"column":21},"end":{"line":177,"column":34}},{"start":{"line":177,"column":38},"end":{"line":177,"column":42}}]},"21":{"loc":{"start":{"line":179,"column":11},"end":{"line":179,"column":50}},"type":"cond-expr","locations":[{"start":{"line":179,"column":37},"end":{"line":179,"column":45}},{"start":{"line":179,"column":48},"end":{"line":179,"column":50}}]},"22":{"loc":{"start":{"line":188,"column":2},"end":{"line":190,"column":3}},"type":"if","locations":[{"start":{"line":188,"column":2},"end":{"line":190,"column":3}},{"start":{},"end":{}}]},"23":{"loc":{"start":{"line":188,"column":6},"end":{"line":188,"column":65}},"type":"binary-expr","locations":[{"start":{"line":188,"column":6},"end":{"line":188,"column":13}},{"start":{"line":188,"column":17},"end":{"line":188,"column":54}},{"start":{"line":188,"column":58},"end":{"line":188,"column":65}}]},"24":{"loc":{"start":{"line":189,"column":17},"end":{"line":189,"column":57}},"type":"cond-expr","locations":[{"start":{"line":189,"column":41},"end":{"line":189,"column":49}},{"start":{"line":189,"column":52},"end":{"line":189,"column":57}}]},"25":{"loc":{"start":{"line":192,"column":51},"end":{"line":192,"column":107}},"type":"cond-expr","locations":[{"start":{"line":192,"column":75},"end":{"line":192,"column":94}},{"start":{"line":192,"column":97},"end":{"line":192,"column":107}}]},"26":{"loc":{"start":{"line":195,"column":11},"end":{"line":195,"column":38}},"type":"binary-expr","locations":[{"start":{"line":195,"column":11},"end":{"line":195,"column":32}},{"start":{"line":195,"column":36},"end":{"line":195,"column":38}}]},"27":{"loc":{"start":{"line":198,"column":17},"end":{"line":198,"column":57}},"type":"cond-expr","locations":[{"start":{"line":198,"column":41},"end":{"line":198,"column":49}},{"start":{"line":198,"column":52},"end":{"line":198,"column":57}}]},"28":{"loc":{"start":{"line":206,"column":13},"end":{"line":206,"column":50}},"type":"cond-expr","locations":[{"start":{"line":206,"column":37},"end":{"line":206,"column":42}},{"start":{"line":206,"column":45},"end":{"line":206,"column":50}}]},"29":{"loc":{"start":{"line":211,"column":11},"end":{"line":211,"column":100}},"type":"cond-expr","locations":[{"start":{"line":211,"column":33},"end":{"line":211,"column":95}},{"start":{"line":211,"column":98},"end":{"line":211,"column":100}}]}},"s":{"0":2,"1":2,"2":2,"3":2,"4":2,"5":2,"6":2,"7":2,"8":6,"9":6,"10":1,"11":6,"12":6,"13":6,"14":4,"15":4,"16":4,"17":3,"18":3,"19":3,"20":1,"21":1,"22":1,"23":1,"24":2,"25":2,"26":2,"27":1,"28":1,"29":1,"30":1,"31":1,"32":2,"33":2,"34":0,"35":0,"36":0,"37":0,"38":0,"39":0,"40":2,"41":0,"42":0,"43":2,"44":0,"45":0,"46":0,"47":0,"48":0,"49":0,"50":0,"51":0,"52":0,"53":0,"54":2,"55":2,"56":0,"57":0,"58":0,"59":0,"60":0,"61":0,"62":0,"63":0,"64":0,"65":0,"66":0,"67":0,"68":2,"69":2,"70":0,"71":0,"72":0,"73":0,"74":0,"75":0,"76":0,"77":0,"78":0,"79":2,"80":2,"81":0,"82":0,"83":0,"84":0,"85":0,"86":0,"87":0,"88":0,"89":0,"90":0,"91":0,"92":0,"93":2,"94":2,"95":0,"96":0,"97":0,"98":0,"99":0,"100":0,"101":0,"102":0,"103":0,"104":0,"105":2,"106":2,"107":0,"108":0,"109":0,"110":0,"111":0},"f":{"0":2,"1":6,"2":0,"3":0,"4":0,"5":0,"6":0,"7":0,"8":0,"9":0,"10":0},"b":{"0":[1,5],"1":[1,2],"2":[3,1,1],"3":[1,1],"4":[2,2,1],"5":[0,0],"6":[0,0],"7":[0,0],"8":[0,0],"9":[0,0],"10":[0,0],"11":[0,0],"12":[0,0],"13":[0,0],"14":[0,0],"15":[0,0],"16":[0,0],"17":[0,0,0],"18":[0,0],"19":[0,0],"20":[0,0],"21":[0,0],"22":[0,0],"23":[0,0,0],"24":[0,0],"25":[0,0],"26":[0,0],"27":[0,0],"28":[0,0],"29":[0,0]}}
,"C:\\Users\\ebube\\OneDrive\\Masaüstü\\Yazılım\\NASA HACKATHON\\backend\\src\\services\\orchestrator.ts": {"path":"C:\\Users\\ebube\\OneDrive\\Masaüstü\\Yazılım\\NASA HACKATHON\\backend\\src\\services\\orchestrator.ts","statementMap":{"0":{"start":{"line":44,"column":0},"end":{"line":44,"column":16}},"1":{"start":{"line":2,"column":0},"end":{"line":2,"column":40}},"2":{"start":{"line":3,"column":0},"end":{"line":3,"column":67}},"3":{"start":{"line":4,"column":0},"end":{"line":4,"column":52}},"4":{"start":{"line":5,"column":0},"end":{"line":5,"column":46}},"5":{"start":{"line":6,"column":0},"end":{"line":6,"column":54}},"6":{"start":{"line":7,"column":0},"end":{"line":7,"column":51}},"7":{"start":{"line":8,"column":0},"end":{"line":8,"column":48}},"8":{"start":{"line":11,"column":37},"end":{"line":11,"column":46}},"9":{"start":{"line":14,"column":4},"end":{"line":16,"column":5}},"10":{"start":{"line":15,"column":6},"end":{"line":15,"column":71}},"11":{"start":{"line":25,"column":20},"end":{"line":26,"column":null}},"12":{"start":{"line":26,"column":30},"end":{"line":26,"column":62}},"13":{"start":{"line":29,"column":39},"end":{"line":29,"column":41}},"14":{"start":{"line":31,"column":4},"end":{"line":38,"column":5}},"15":{"start":{"line":31,"column":17},"end":{"line":31,"column":18}},"16":{"start":{"line":32,"column":21},"end":{"line":32,"column":31}},"17":{"start":{"line":33,"column":6},"end":{"line":37,"column":7}},"18":{"start":{"line":34,"column":8},"end":{"line":34,"column":41}},"19":{"start":{"line":36,"column":8},"end":{"line":36,"column":94}},"20":{"start":{"line":40,"column":4},"end":{"line":40,"column":22}},"21":{"start":{"line":10,"column":0},"end":{"line":10,"column":13}},"22":{"start":{"line":45,"column":2},"end":{"line":53,"column":5}}},"fnMap":{"0":{"name":"(anonymous_0)","decl":{"start":{"line":13,"column":2},"end":{"line":13,"column":14}},"loc":{"start":{"line":13,"column":38},"end":{"line":17,"column":3}}},"1":{"name":"(anonymous_1)","decl":{"start":{"line":19,"column":2},"end":{"line":19,"column":7}},"loc":{"start":{"line":23,"column":22},"end":{"line":41,"column":3}}},"2":{"name":"(anonymous_2)","decl":{"start":{"line":26,"column":21},"end":{"line":26,"column":22}},"loc":{"start":{"line":26,"column":30},"end":{"line":26,"column":62}}},"3":{"name":"createDefaultOrchestrator","decl":{"start":{"line":44,"column":16},"end":{"line":44,"column":41}},"loc":{"start":{"line":44,"column":41},"end":{"line":54,"column":1}}}},"branchMap":{"0":{"loc":{"start":{"line":22,"column":4},"end":{"line":22,"column":22}},"type":"default-arg","locations":[{"start":{"line":22,"column":20},"end":{"line":22,"column":22}}]},"1":{"loc":{"start":{"line":23,"column":4},"end":{"line":23,"column":22}},"type":"default-arg","locations":[{"start":{"line":23,"column":21},"end":{"line":23,"column":22}}]},"2":{"loc":{"start":{"line":33,"column":6},"end":{"line":37,"column":7}},"type":"if","locations":[{"start":{"line":33,"column":6},"end":{"line":37,"column":7}},{"start":{"line":35,"column":13},"end":{"line":37,"column":7}}]}},"s":{"0":1,"1":1,"2":1,"3":1,"4":1,"5":1,"6":1,"7":1,"8":1,"9":1,"10":7,"11":0,"12":0,"13":0,"14":0,"15":0,"16":0,"17":0,"18":0,"19":0,"20":0,"21":1,"22":1},"f":{"0":1,"1":0,"2":0,"3":1},"b":{"0":[0],"1":[0],"2":[0,0]}}
,"C:\\Users\\ebube\\OneDrive\\Masaüstü\\Yazılım\\NASA HACKATHON\\backend\\src\\services\\pubmed.ts": {"path":"C:\\Users\\ebube\\OneDrive\\Masaüstü\\Yazılım\\NASA HACKATHON\\backend\\src\\services\\pubmed.ts","statementMap":{"0":{"start":{"line":1,"column":0},"end":{"line":1,"column":26}},"1":{"start":{"line":2,"column":0},"end":{"line":2,"column":58}},"2":{"start":{"line":4,"column":24},"end":{"line":4,"column":71}},"3":{"start":{"line":14,"column":30},"end":{"line":62,"column":1}},"4":{"start":{"line":15,"column":2},"end":{"line":61,"column":3}},"5":{"start":{"line":17,"column":22},"end":{"line":26,"column":6}},"6":{"start":{"line":28,"column":16},"end":{"line":28,"column":51}},"7":{"start":{"line":29,"column":4},"end":{"line":29,"column":44}},"8":{"start":{"line":29,"column":34},"end":{"line":29,"column":44}},"9":{"start":{"line":32,"column":23},"end":{"line":39,"column":6}},"10":{"start":{"line":41,"column":38},"end":{"line":41,"column":40}},"11":{"start":{"line":42,"column":19},"end":{"line":42,"column":41}},"12":{"start":{"line":44,"column":4},"end":{"line":55,"column":5}},"13":{"start":{"line":45,"column":6},"end":{"line":54,"column":7}},"14":{"start":{"line":46,"column":21},"end":{"line":46,"column":31}},"15":{"start":{"line":47,"column":8},"end":{"line":53,"column":11}},"16":{"start":{"line":52,"column":63},"end":{"line":52,"column":69}},"17":{"start":{"line":57,"column":4},"end":{"line":57,"column":20}},"18":{"start":{"line":59,"column":4},"end":{"line":59,"column":49}},"19":{"start":{"line":60,"column":4},"end":{"line":60,"column":57}},"20":{"start":{"line":14,"column":13},"end":{"line":14,"column":30}},"21":{"start":{"line":64,"column":34},"end":{"line":80,"column":1}},"22":{"start":{"line":65,"column":2},"end":{"line":79,"column":3}},"23":{"start":{"line":66,"column":21},"end":{"line":74,"column":6}},"24":{"start":{"line":75,"column":4},"end":{"line":75,"column":25}},"25":{"start":{"line":77,"column":4},"end":{"line":77,"column":61}},"26":{"start":{"line":78,"column":4},"end":{"line":78,"column":57}},"27":{"start":{"line":64,"column":13},"end":{"line":64,"column":34}},"28":{"start":{"line":83,"column":9},"end":{"line":83,"column":17}},"29":{"start":{"line":86,"column":21},"end":{"line":86,"column":63}},"30":{"start":{"line":87,"column":4},"end":{"line":94,"column":8}},"31":{"start":{"line":87,"column":30},"end":{"line":94,"column":6}},"32":{"start":{"line":98,"column":4},"end":{"line":98,"column":34}},"33":{"start":{"line":82,"column":0},"end":{"line":82,"column":13}}},"fnMap":{"0":{"name":"(anonymous_1)","decl":{"start":{"line":14,"column":30},"end":{"line":14,"column":35}},"loc":{"start":{"line":14,"column":120},"end":{"line":62,"column":1}}},"1":{"name":"(anonymous_2)","decl":{"start":{"line":52,"column":51},"end":{"line":52,"column":52}},"loc":{"start":{"line":52,"column":63},"end":{"line":52,"column":69}}},"2":{"name":"(anonymous_3)","decl":{"start":{"line":64,"column":34},"end":{"line":64,"column":39}},"loc":{"start":{"line":64,"column":72},"end":{"line":80,"column":1}}},"3":{"name":"(anonymous_4)","decl":{"start":{"line":85,"column":2},"end":{"line":85,"column":7}},"loc":{"start":{"line":85,"column":68},"end":{"line":95,"column":3}}},"4":{"name":"(anonymous_5)","decl":{"start":{"line":87,"column":24},"end":{"line":87,"column":25}},"loc":{"start":{"line":87,"column":30},"end":{"line":94,"column":6}}},"5":{"name":"(anonymous_6)","decl":{"start":{"line":97,"column":2},"end":{"line":97,"column":7}},"loc":{"start":{"line":97,"column":30},"end":{"line":99,"column":3}}}},"branchMap":{"0":{"loc":{"start":{"line":14,"column":52},"end":{"line":14,"column":70}},"type":"default-arg","locations":[{"start":{"line":14,"column":68},"end":{"line":14,"column":70}}]},"1":{"loc":{"start":{"line":14,"column":72},"end":{"line":14,"column":90}},"type":"default-arg","locations":[{"start":{"line":14,"column":89},"end":{"line":14,"column":90}}]},"2":{"loc":{"start":{"line":29,"column":4},"end":{"line":29,"column":44}},"type":"if","locations":[{"start":{"line":29,"column":4},"end":{"line":29,"column":44}},{"start":{},"end":{}}]},"3":{"loc":{"start":{"line":29,"column":8},"end":{"line":29,"column":32}},"type":"binary-expr","locations":[{"start":{"line":29,"column":8},"end":{"line":29,"column":12}},{"start":{"line":29,"column":16},"end":{"line":29,"column":32}}]},"4":{"loc":{"start":{"line":45,"column":6},"end":{"line":54,"column":7}},"type":"if","locations":[{"start":{"line":45,"column":6},"end":{"line":54,"column":7}},{"start":{},"end":{}}]},"5":{"loc":{"start":{"line":52,"column":19},"end":{"line":52,"column":75}},"type":"cond-expr","locations":[{"start":{"line":52,"column":34},"end":{"line":52,"column":70}},{"start":{"line":52,"column":73},"end":{"line":52,"column":75}}]},"6":{"loc":{"start":{"line":85,"column":30},"end":{"line":85,"column":48}},"type":"default-arg","locations":[{"start":{"line":85,"column":46},"end":{"line":85,"column":48}}]},"7":{"loc":{"start":{"line":85,"column":50},"end":{"line":85,"column":68}},"type":"default-arg","locations":[{"start":{"line":85,"column":67},"end":{"line":85,"column":68}}]}},"s":{"0":2,"1":2,"2":2,"3":2,"4":10,"5":10,"6":9,"7":9,"8":5,"9":4,"10":3,"11":3,"12":3,"13":5,"14":4,"15":4,"16":5,"17":3,"18":2,"19":2,"20":2,"21":2,"22":5,"23":5,"24":3,"25":2,"26":2,"27":2,"28":1,"29":0,"30":0,"31":0,"32":0,"33":2},"f":{"0":10,"1":5,"2":5,"3":0,"4":0,"5":0},"b":{"0":[8],"1":[8],"2":[5,4],"3":[9,8],"4":[4,1],"5":[3,1],"6":[0],"7":[0]}}
,"C:\\Users\\ebube\\OneDrive\\Masaüstü\\Yazılım\\NASA HACKATHON\\backend\\src\\services\\sources\\arxiv.ts": {"path":"C:\\Users\\ebube\\OneDrive\\Masaüstü\\Yazılım\\NASA HACKATHON\\backend\\src\\services\\sources\\arxiv.ts","statementMap":{"0":{"start":{"line":1,"column":0},"end":{"line":1,"column":50}},"1":{"start":{"line":2,"column":0},"end":{"line":2,"column":26}},"2":{"start":{"line":3,"column":0},"end":{"line":3,"column":44}},"3":{"start":{"line":5,"column":17},"end":{"line":5,"column":53}},"4":{"start":{"line":8,"column":9},"end":{"line":8,"column":16}},"5":{"start":{"line":11,"column":21},"end":{"line":18,"column":6}},"6":{"start":{"line":20,"column":19},"end":{"line":20,"column":84}},"7":{"start":{"line":21,"column":20},"end":{"line":21,"column":37}},"8":{"start":{"line":22,"column":22},"end":{"line":22,"column":83}},"9":{"start":{"line":24,"column":4},"end":{"line":33,"column":8}},"10":{"start":{"line":24,"column":42},"end":{"line":33,"column":6}},"11":{"start":{"line":30,"column":39},"end":{"line":30,"column":45}},"12":{"start":{"line":37,"column":4},"end":{"line":47,"column":5}},"13":{"start":{"line":38,"column":23},"end":{"line":41,"column":8}},"14":{"start":{"line":42,"column":21},"end":{"line":42,"column":86}},"15":{"start":{"line":43,"column":20},"end":{"line":43,"column":37}},"16":{"start":{"line":44,"column":6},"end":{"line":44,"column":63}},"17":{"start":{"line":46,"column":6},"end":{"line":46,"column":16}},"18":{"start":{"line":7,"column":0},"end":{"line":7,"column":13}}},"fnMap":{"0":{"name":"(anonymous_1)","decl":{"start":{"line":10,"column":2},"end":{"line":10,"column":7}},"loc":{"start":{"line":10,"column":68},"end":{"line":34,"column":3}}},"1":{"name":"(anonymous_2)","decl":{"start":{"line":24,"column":25},"end":{"line":24,"column":26}},"loc":{"start":{"line":24,"column":42},"end":{"line":33,"column":6}}},"2":{"name":"(anonymous_3)","decl":{"start":{"line":30,"column":27},"end":{"line":30,"column":28}},"loc":{"start":{"line":30,"column":39},"end":{"line":30,"column":45}}},"3":{"name":"(anonymous_4)","decl":{"start":{"line":36,"column":2},"end":{"line":36,"column":7}},"loc":{"start":{"line":36,"column":30},"end":{"line":48,"column":3}}}},"branchMap":{"0":{"loc":{"start":{"line":10,"column":30},"end":{"line":10,"column":48}},"type":"default-arg","locations":[{"start":{"line":10,"column":46},"end":{"line":10,"column":48}}]},"1":{"loc":{"start":{"line":10,"column":50},"end":{"line":10,"column":68}},"type":"default-arg","locations":[{"start":{"line":10,"column":67},"end":{"line":10,"column":68}}]},"2":{"loc":{"start":{"line":22,"column":22},"end":{"line":22,"column":83}},"type":"cond-expr","locations":[{"start":{"line":22,"column":47},"end":{"line":22,"column":54}},{"start":{"line":22,"column":58},"end":{"line":22,"column":82}}]},"3":{"loc":{"start":{"line":22,"column":58},"end":{"line":22,"column":82}},"type":"cond-expr","locations":[{"start":{"line":22,"column":68},"end":{"line":22,"column":77}},{"start":{"line":22,"column":80},"end":{"line":22,"column":82}}]},"4":{"loc":{"start":{"line":25,"column":10},"end":{"line":25,"column":32}},"type":"binary-expr","locations":[{"start":{"line":25,"column":10},"end":{"line":25,"column":26}},{"start":{"line":25,"column":30},"end":{"line":25,"column":32}}]},"5":{"loc":{"start":{"line":26,"column":13},"end":{"line":26,"column":59}},"type":"binary-expr","locations":[{"start":{"line":26,"column":13},"end":{"line":26,"column":53}},{"start":{"line":26,"column":57},"end":{"line":26,"column":59}}]},"6":{"loc":{"start":{"line":28,"column":15},"end":{"line":28,"column":54}},"type":"binary-expr","locations":[{"start":{"line":28,"column":15},"end":{"line":28,"column":48}},{"start":{"line":28,"column":52},"end":{"line":28,"column":54}}]},"7":{"loc":{"start":{"line":29,"column":15},"end":{"line":31,"column":49}},"type":"cond-expr","locations":[{"start":{"line":30,"column":10},"end":{"line":30,"column":46}},{"start":{"line":31,"column":10},"end":{"line":31,"column":49}}]},"8":{"loc":{"start":{"line":31,"column":10},"end":{"line":31,"column":49}},"type":"cond-expr","locations":[{"start":{"line":31,"column":25},"end":{"line":31,"column":44}},{"start":{"line":31,"column":47},"end":{"line":31,"column":49}}]},"9":{"loc":{"start":{"line":32,"column":11},"end":{"line":32,"column":33}},"type":"binary-expr","locations":[{"start":{"line":32,"column":11},"end":{"line":32,"column":27}},{"start":{"line":32,"column":31},"end":{"line":32,"column":33}}]},"10":{"loc":{"start":{"line":44,"column":13},"end":{"line":44,"column":62}},"type":"binary-expr","locations":[{"start":{"line":44,"column":13},"end":{"line":44,"column":56}},{"start":{"line":44,"column":60},"end":{"line":44,"column":62}}]}},"s":{"0":1,"1":1,"2":1,"3":1,"4":1,"5":0,"6":0,"7":0,"8":0,"9":0,"10":0,"11":0,"12":0,"13":0,"14":0,"15":0,"16":0,"17":0,"18":1},"f":{"0":0,"1":0,"2":0,"3":0},"b":{"0":[0],"1":[0],"2":[0,0],"3":[0,0],"4":[0,0],"5":[0,0],"6":[0,0],"7":[0,0],"8":[0,0],"9":[0,0],"10":[0,0]}}
,"C:\\Users\\ebube\\OneDrive\\Masaüstü\\Yazılım\\NASA HACKATHON\\backend\\src\\services\\sources\\base.ts": {"path":"C:\\Users\\ebube\\OneDrive\\Masaüstü\\Yazılım\\NASA HACKATHON\\backend\\src\\services\\sources\\base.ts","statementMap":{"0":{"start":{"line":10,"column":0},"end":{"line":10,"column":22}}},"fnMap":{},"branchMap":{},"s":{"0":3},"f":{},"b":{}}
,"C:\\Users\\ebube\\OneDrive\\Masaüstü\\Yazılım\\NASA HACKATHON\\backend\\src\\services\\sources\\dergipark.ts": {"path":"C:\\Users\\ebube\\OneDrive\\Masaüstü\\Yazılım\\NASA HACKATHON\\backend\\src\\services\\sources\\dergipark.ts","statementMap":{"0":{"start":{"line":1,"column":0},"end":{"line":1,"column":50}},"1":{"start":{"line":2,"column":0},"end":{"line":2,"column":26}},"2":{"start":{"line":4,"column":17},"end":{"line":4,"column":57}},"3":{"start":{"line":7,"column":9},"end":{"line":7,"column":20}},"4":{"start":{"line":10,"column":17},"end":{"line":10,"column":47}},"5":{"start":{"line":11,"column":21},"end":{"line":14,"column":6}},"6":{"start":{"line":16,"column":17},"end":{"line":16,"column":30}},"7":{"start":{"line":17,"column":25},"end":{"line":17,"column":56}},"8":{"start":{"line":19,"column":4},"end":{"line":28,"column":8}},"9":{"start":{"line":19,"column":44},"end":{"line":28,"column":6}},"10":{"start":{"line":25,"column":70},"end":{"line":25,"column":90}},"11":{"start":{"line":32,"column":4},"end":{"line":37,"column":5}},"12":{"start":{"line":33,"column":23},"end":{"line":33,"column":87}},"13":{"start":{"line":34,"column":6},"end":{"line":34,"column":66}},"14":{"start":{"line":36,"column":6},"end":{"line":36,"column":16}},"15":{"start":{"line":6,"column":0},"end":{"line":6,"column":13}}},"fnMap":{"0":{"name":"(anonymous_1)","decl":{"start":{"line":9,"column":2},"end":{"line":9,"column":7}},"loc":{"start":{"line":9,"column":68},"end":{"line":29,"column":3}}},"1":{"name":"(anonymous_2)","decl":{"start":{"line":19,"column":28},"end":{"line":19,"column":29}},"loc":{"start":{"line":19,"column":44},"end":{"line":28,"column":6}}},"2":{"name":"(anonymous_3)","decl":{"start":{"line":25,"column":58},"end":{"line":25,"column":59}},"loc":{"start":{"line":25,"column":70},"end":{"line":25,"column":90}}},"3":{"name":"(anonymous_4)","decl":{"start":{"line":31,"column":2},"end":{"line":31,"column":7}},"loc":{"start":{"line":31,"column":30},"end":{"line":38,"column":3}}}},"branchMap":{"0":{"loc":{"start":{"line":9,"column":30},"end":{"line":9,"column":48}},"type":"default-arg","locations":[{"start":{"line":9,"column":46},"end":{"line":9,"column":48}}]},"1":{"loc":{"start":{"line":9,"column":50},"end":{"line":9,"column":68}},"type":"default-arg","locations":[{"start":{"line":9,"column":67},"end":{"line":9,"column":68}}]},"2":{"loc":{"start":{"line":17,"column":25},"end":{"line":17,"column":56}},"type":"binary-expr","locations":[{"start":{"line":17,"column":25},"end":{"line":17,"column":34}},{"start":{"line":17,"column":38},"end":{"line":17,"column":50}},{"start":{"line":17,"column":54},"end":{"line":17,"column":56}}]},"3":{"loc":{"start":{"line":20,"column":10},"end":{"line":20,"column":35}},"type":"binary-expr","locations":[{"start":{"line":20,"column":10},"end":{"line":20,"column":29}},{"start":{"line":20,"column":33},"end":{"line":20,"column":35}}]},"4":{"loc":{"start":{"line":21,"column":13},"end":{"line":21,"column":44}},"type":"binary-expr","locations":[{"start":{"line":21,"column":13},"end":{"line":21,"column":23}},{"start":{"line":21,"column":27},"end":{"line":21,"column":38}},{"start":{"line":21,"column":42},"end":{"line":21,"column":44}}]},"5":{"loc":{"start":{"line":23,"column":15},"end":{"line":23,"column":61}},"type":"binary-expr","locations":[{"start":{"line":23,"column":15},"end":{"line":23,"column":35}},{"start":{"line":23,"column":39},"end":{"line":23,"column":55}},{"start":{"line":23,"column":59},"end":{"line":23,"column":61}}]},"6":{"loc":{"start":{"line":24,"column":15},"end":{"line":26,"column":12}},"type":"cond-expr","locations":[{"start":{"line":25,"column":11},"end":{"line":25,"column":96}},{"start":{"line":26,"column":10},"end":{"line":26,"column":12}}]},"7":{"loc":{"start":{"line":25,"column":11},"end":{"line":25,"column":96}},"type":"cond-expr","locations":[{"start":{"line":25,"column":41},"end":{"line":25,"column":91}},{"start":{"line":25,"column":94},"end":{"line":25,"column":96}}]},"8":{"loc":{"start":{"line":25,"column":70},"end":{"line":25,"column":90}},"type":"binary-expr","locations":[{"start":{"line":25,"column":70},"end":{"line":25,"column":76}},{"start":{"line":25,"column":80},"end":{"line":25,"column":90}}]},"9":{"loc":{"start":{"line":27,"column":11},"end":{"line":27,"column":140}},"type":"cond-expr","locations":[{"start":{"line":27,"column":22},"end":{"line":27,"column":51}},{"start":{"line":27,"column":54},"end":{"line":27,"column":140}}]},"10":{"loc":{"start":{"line":34,"column":13},"end":{"line":34,"column":65}},"type":"binary-expr","locations":[{"start":{"line":34,"column":13},"end":{"line":34,"column":36}},{"start":{"line":34,"column":40},"end":{"line":34,"column":59}},{"start":{"line":34,"column":63},"end":{"line":34,"column":65}}]}},"s":{"0":1,"1":1,"2":1,"3":1,"4":0,"5":0,"6":0,"7":0,"8":0,"9":0,"10":0,"11":0,"12":0,"13":0,"14":0,"15":1},"f":{"0":0,"1":0,"2":0,"3":0},"b":{"0":[0],"1":[0],"2":[0,0,0],"3":[0,0],"4":[0,0,0],"5":[0,0,0],"6":[0,0],"7":[0,0],"8":[0,0],"9":[0,0],"10":[0,0,0]}}
,"C:\\Users\\ebube\\OneDrive\\Masaüstü\\Yazılım\\NASA HACKATHON\\backend\\src\\services\\sources\\openalex.ts": {"path":"C:\\Users\\ebube\\OneDrive\\Masaüstü\\Yazılım\\NASA HACKATHON\\backend\\src\\services\\sources\\openalex.ts","statementMap":{"0":{"start":{"line":1,"column":0},"end":{"line":1,"column":26}},"1":{"start":{"line":2,"column":0},"end":{"line":2,"column":50}},"2":{"start":{"line":4,"column":17},"end":{"line":4,"column":49}},"3":{"start":{"line":7,"column":2},"end":{"line":7,"column":32}},"4":{"start":{"line":7,"column":22},"end":{"line":7,"column":32}},"5":{"start":{"line":9,"column":49},"end":{"line":9,"column":51}},"6":{"start":{"line":11,"column":2},"end":{"line":15,"column":3}},"7":{"start":{"line":12,"column":4},"end":{"line":14,"column":5}},"8":{"start":{"line":13,"column":6},"end":{"line":13,"column":39}},"9":{"start":{"line":17,"column":2},"end":{"line":17,"column":38}},"10":{"start":{"line":17,"column":23},"end":{"line":17,"column":36}},"11":{"start":{"line":18,"column":2},"end":{"line":18,"column":44}},"12":{"start":{"line":18,"column":26},"end":{"line":18,"column":32}},"13":{"start":{"line":22,"column":9},"end":{"line":22,"column":19}},"14":{"start":{"line":25,"column":16},"end":{"line":32,"column":6}},"15":{"start":{"line":34,"column":17},"end":{"line":34,"column":25}},"16":{"start":{"line":35,"column":4},"end":{"line":35,"column":57}},"17":{"start":{"line":35,"column":47},"end":{"line":35,"column":57}},"18":{"start":{"line":37,"column":4},"end":{"line":44,"column":8}},"19":{"start":{"line":37,"column":44},"end":{"line":44,"column":6}},"20":{"start":{"line":42,"column":56},"end":{"line":42,"column":84}},"21":{"start":{"line":48,"column":16},"end":{"line":48,"column":79}},"22":{"start":{"line":50,"column":26},"end":{"line":50,"column":59}},"23":{"start":{"line":51,"column":4},"end":{"line":51,"column":34}},"24":{"start":{"line":51,"column":24},"end":{"line":51,"column":34}},"25":{"start":{"line":53,"column":4},"end":{"line":53,"column":46}},"26":{"start":{"line":21,"column":0},"end":{"line":21,"column":13}}},"fnMap":{"0":{"name":"decodeInvertedIndex","decl":{"start":{"line":6,"column":9},"end":{"line":6,"column":28}},"loc":{"start":{"line":6,"column":68},"end":{"line":19,"column":1}}},"1":{"name":"(anonymous_2)","decl":{"start":{"line":17,"column":13},"end":{"line":17,"column":14}},"loc":{"start":{"line":17,"column":23},"end":{"line":17,"column":36}}},"2":{"name":"(anonymous_3)","decl":{"start":{"line":18,"column":19},"end":{"line":18,"column":20}},"loc":{"start":{"line":18,"column":26},"end":{"line":18,"column":32}}},"3":{"name":"(anonymous_4)","decl":{"start":{"line":24,"column":2},"end":{"line":24,"column":7}},"loc":{"start":{"line":24,"column":59},"end":{"line":45,"column":3}}},"4":{"name":"(anonymous_5)","decl":{"start":{"line":37,"column":28},"end":{"line":37,"column":29}},"loc":{"start":{"line":37,"column":44},"end":{"line":44,"column":6}}},"5":{"name":"(anonymous_6)","decl":{"start":{"line":42,"column":44},"end":{"line":42,"column":45}},"loc":{"start":{"line":42,"column":56},"end":{"line":42,"column":84}}},"6":{"name":"(anonymous_7)","decl":{"start":{"line":47,"column":2},"end":{"line":47,"column":7}},"loc":{"start":{"line":47,"column":30},"end":{"line":54,"column":3}}}},"branchMap":{"0":{"loc":{"start":{"line":7,"column":2},"end":{"line":7,"column":32}},"type":"if","locations":[{"start":{"line":7,"column":2},"end":{"line":7,"column":32}},{"start":{},"end":{}}]},"1":{"loc":{"start":{"line":35,"column":4},"end":{"line":35,"column":57}},"type":"if","locations":[{"start":{"line":35,"column":4},"end":{"line":35,"column":57}},{"start":{},"end":{}}]},"2":{"loc":{"start":{"line":35,"column":8},"end":{"line":35,"column":45}},"type":"binary-expr","locations":[{"start":{"line":35,"column":8},"end":{"line":35,"column":13}},{"start":{"line":35,"column":17},"end":{"line":35,"column":45}}]},"3":{"loc":{"start":{"line":38,"column":10},"end":{"line":38,"column":23}},"type":"binary-expr","locations":[{"start":{"line":38,"column":10},"end":{"line":38,"column":17}},{"start":{"line":38,"column":21},"end":{"line":38,"column":23}}]},"4":{"loc":{"start":{"line":39,"column":13},"end":{"line":39,"column":29}},"type":"binary-expr","locations":[{"start":{"line":39,"column":13},"end":{"line":39,"column":23}},{"start":{"line":39,"column":27},"end":{"line":39,"column":29}}]},"5":{"loc":{"start":{"line":41,"column":15},"end":{"line":41,"column":79}},"type":"binary-expr","locations":[{"start":{"line":41,"column":15},"end":{"line":41,"column":36}},{"start":{"line":41,"column":40},"end":{"line":41,"column":73}},{"start":{"line":41,"column":77},"end":{"line":41,"column":79}}]},"6":{"loc":{"start":{"line":42,"column":16},"end":{"line":42,"column":38}},"type":"binary-expr","locations":[{"start":{"line":42,"column":16},"end":{"line":42,"column":32}},{"start":{"line":42,"column":36},"end":{"line":42,"column":38}}]},"7":{"loc":{"start":{"line":42,"column":56},"end":{"line":42,"column":84}},"type":"binary-expr","locations":[{"start":{"line":42,"column":56},"end":{"line":42,"column":78}},{"start":{"line":42,"column":82},"end":{"line":42,"column":84}}]},"8":{"loc":{"start":{"line":43,"column":11},"end":{"line":43,"column":67}},"type":"cond-expr","locations":[{"start":{"line":43,"column":22},"end":{"line":43,"column":51}},{"start":{"line":43,"column":54},"end":{"line":43,"column":67}}]},"9":{"loc":{"
[...]
,"column":6}}},"2":{"name":"(anonymous_3)","decl":{"start":{"line":23,"column":41},"end":{"line":23,"column":42}},"loc":{"start":{"line":23,"column":53},"end":{"line":23,"column":59}}},"3":{"name":"(anonymous_4)","decl":{"start":{"line":28,"column":2},"end":{"line":28,"column":7}},"loc":{"start":{"line":28,"column":30},"end":{"line":35,"column":3}}}},"branchMap":{"0":{"loc":{"start":{"line":16,"column":4},"end":{"line":16,"column":54}},"type":"if","locations":[{"start":{"line":16,"column":4},"end":{"line":16,"column":54}},{"start":{},"end":{}}]},"1":{"loc":{"start":{"line":16,"column":8},"end":{"line":16,"column":42}},"type":"binary-expr","locations":[{"start":{"line":16,"column":8},"end":{"line":16,"column":13}},{"start":{"line":16,"column":17},"end":{"line":16,"column":42}}]},"2":{"loc":{"start":{"line":19,"column":10},"end":{"line":19,"column":29}},"type":"binary-expr","locations":[{"start":{"line":19,"column":10},"end":{"line":19,"column":23}},{"start":{"line":19,"column":27},"end":{"line":19,"column":29}}]},"3":{"loc":{"start":{"line":20,"column":13},"end":{"line":20,"column":30}},"type":"binary-expr","locations":[{"start":{"line":20,"column":13},"end":{"line":20,"column":24}},{"start":{"line":20,"column":28},"end":{"line":20,"column":30}}]},"4":{"loc":{"start":{"line":22,"column":15},"end":{"line":22,"column":68}},"type":"binary-expr","locations":[{"start":{"line":22,"column":15},"end":{"line":22,"column":36}},{"start":{"line":22,"column":40},"end":{"line":22,"column":62}},{"start":{"line":22,"column":66},"end":{"line":22,"column":68}}]},"5":{"loc":{"start":{"line":23,"column":16},"end":{"line":23,"column":35}},"type":"binary-expr","locations":[{"start":{"line":23,"column":16},"end":{"line":23,"column":29}},{"start":{"line":23,"column":33},"end":{"line":23,"column":35}}]},"6":{"loc":{"start":{"line":24,"column":11},"end":{"line":24,"column":80}},"type":"binary-expr","locations":[{"start":{"line":24,"column":11},"end":{"line":24,"column":20}},{"start":{"line":24,"column":24},"end":{"line":24,"column":80}}]},"7":{"loc":{"start":{"line":34,"column":11},"end":{"line":34,"column":35}},"type":"binary-expr","locations":[{"start":{"line":34,"column":11},"end":{"line":34,"column":29}},{"start":{"line":34,"column":33},"end":{"line":34,"column":35}}]}},"s":{"0":1,"1":1,"2":1,"3":1,"4":0,"5":0,"6":0,"7":0,"8":0,"9":0,"10":0,"11":0,"12":0,"13":1},"f":{"0":0,"1":0,"2":0,"3":0},"b":{"0":[0,0],"1":[0,0],"2":[0,0],"3":[0,0],"4":[0,0,0],"5":[0,0],"6":[0,0],"7":[0,0]}}
,"C:\\Users\\ebube\\OneDrive\\Masaüstü\\Yazılım\\NASA HACKATHON\\backend\\src\\services\\sources\\tr-dizin.ts": {"path":"C:\\Users\\ebube\\OneDrive\\Masaüstü\\Yazılım\\NASA HACKATHON\\backend\\src\\services\\sources\\tr-dizin.ts","statementMap":{"0":{"start":{"line":1,"column":0},"end":{"line":1,"column":50}},"1":{"start":{"line":2,"column":0},"end":{"line":2,"column":26}},"2":{"start":{"line":3,"column":0},"end":{"line":3,"column":71}},"3":{"start":{"line":4,"column":0},"end":{"line":4,"column":35}},"4":{"start":{"line":9,"column":4},"end":{"line":9,"column":12}},"5":{"start":{"line":10,"column":4},"end":{"line":10,"column":23}},"6":{"start":{"line":13,"column":4},"end":{"line":13,"column":26}},"7":{"start":{"line":14,"column":4},"end":{"line":19,"column":5}},"8":{"start":{"line":15,"column":23},"end":{"line":15,"column":47}},"9":{"start":{"line":16,"column":6},"end":{"line":18,"column":7}},"10":{"start":{"line":17,"column":8},"end":{"line":17,"column":30}},"11":{"start":{"line":20,"column":4},"end":{"line":20,"column":16}},"12":{"start":{"line":6,"column":0},"end":{"line":6,"column":13}},"13":{"start":{"line":25,"column":13},"end":{"line":25,"column":62}},"14":{"start":{"line":28,"column":9},"end":{"line":28,"column":19}},"15":{"start":{"line":31,"column":4},"end":{"line":75,"column":5}},"16":{"start":{"line":32,"column":19},"end":{"line":32,"column":49}},"17":{"start":{"line":33,"column":23},"end":{"line":37,"column":8}},"18":{"start":{"line":39,"column":38},"end":{"line":39,"column":40}},"19":{"start":{"line":40,"column":19},"end":{"line":40,"column":32}},"20":{"start":{"line":42,"column":16},"end":{"line":42,"column":34}},"21":{"start":{"line":43,"column":6},"end":{"line":61,"column":9}},"22":{"start":{"line":44,"column":21},"end":{"line":44,"column":50}},"23":{"start":{"line":45,"column":24},"end":{"line":45,"column":61}},"24":{"start":{"line":46,"column":8},"end":{"line":60,"column":9}},"25":{"start":{"line":47,"column":21},"end":{"line":47,"column":31}},"26":{"start":{"line":48,"column":24},"end":{"line":48,"column":48}},"27":{"start":{"line":49,"column":10},"end":{"line":59,"column":11}},"28":{"start":{"line":50,"column":12},"end":{"line":57,"column":15}},"29":{"start":{"line":58,"column":12},"end":{"line":58,"column":38}},"30":{"start":{"line":63,"column":6},"end":{"line":65,"column":7}},"31":{"start":{"line":64,"column":8},"end":{"line":64,"column":39}},"32":{"start":{"line":67,"column":6},"end":{"line":67,"column":71}},"33":{"start":{"line":69,"column":6},"end":{"line":69,"column":87}},"34":{"start":{"line":70,"column":24},"end":{"line":70,"column":76}},"35":{"start":{"line":71,"column":6},"end":{"line":73,"column":7}},"36":{"start":{"line":72,"column":8},"end":{"line":72,"column":42}},"37":{"start":{"line":74,"column":6},"end":{"line":74,"column":23}},"38":{"start":{"line":79,"column":4},"end":{"line":95,"column":5}},"39":{"start":{"line":80,"column":23},"end":{"line":83,"column":8}},"40":{"start":{"line":84,"column":19},"end":{"line":84,"column":32}},"41":{"start":{"line":85,"column":16},"end":{"line":85,"column":34}},"42":{"start":{"line":86,"column":27},"end":{"line":86,"column":108}},"43":{"start":{"line":87,"column":6},"end":{"line":89,"column":7}},"44":{"start":{"line":88,"column":8},"end":{"line":88,"column":28}},"45":{"start":{"line":90,"column":6},"end":{"line":90,"column":73}},"46":{"start":{"line":92,"column":6},"end":{"line":92,"column":96}},"47":{"start":{"line":93,"column":20},"end":{"line":93,"column":61}},"48":{"start":{"line":94,"column":6},"end":{"line":94,"column":57}},"49":{"start":{"line":27,"column":0},"end":{"line":27,"column":13}}},"fnMap":{"0":{"name":"(anonymous_10)","decl":{"start":{"line":8,"column":2},"end":{"line":8,"column":14}},"loc":{"start":{"line":8,"column":33},"end":{"line":11,"column":3}}},"1":{"name":"(anonymous_11)","decl":{"start":{"line":12,"column":2},"end":{"line":12,"column":5}},"loc":{"start":{"line":12,"column":22},"end":{"line":21,"column":3}}},"2":{"name":"(anonymous_12)","decl":{"start":{"line":30,"column":2},"end":{"line":30,"column":7}},"loc":{"start":{"line":30,"column":68},"end":{"line":76,"column":3}}},"3":{"name":"(anonymous_13)","decl":{"start":{"line":43,"column":18},"end":{"line":43,"column":19}},"loc":{"start":{"line":43,"column":33},"end":{"line":61,"column":7}}},"4":{"name":"(anonymous_14)","decl":{"start":{"line":78,"column":2},"end":{"line":78,"column":7}},"loc":{"start":{"line":78,"column":30},"end":{"line":96,"column":3}}}},"branchMap":{"0":{"loc":{"start":{"line":8,"column":14},"end":{"line":8,"column":33}},"type":"default-arg","locations":[{"start":{"line":8,"column":30},"end":{"line":8,"column":33}}]},"1":{"loc":{"start":{"line":14,"column":4},"end":{"line":19,"column":5}},"type":"if","locations":[{"start":{"line":14,"column":4},"end":{"line":19,"column":5}},{"start":{},"end":{}}]},"2":{"loc":{"start":{"line":16,"column":6},"end":{"line":18,"column":7}},"type":"if","locations":[{"start":{"line":16,"column":6},"end":{"line":18,"column":7}},{"start":{},"end":{}}]},"3":{"loc":{"start":{"line":30,"column":30},"end":{"line":30,"column":48}},"type":"default-arg","locations":[{"start":{"line":30,"column":46},"end":{"line":30,"column":48}}]},"4":{"loc":{"start":{"line":30,"column":50},"end":{"line":30,"column":68}},"type":"default-arg","locations":[{"start":{"line":30,"column":67},"end":{"line":30,"column":68}}]},"5":{"loc":{"start":{"line":44,"column":21},"end":{"line":44,"column":50}},"type":"binary-expr","locations":[{"start":{"line":44,"column":21},"end":{"line":44,"column":44}},{"start":{"line":44,"column":48},"end":{"line":44,"column":50}}]},"6":{"loc":{"start":{"line":46,"column":8},"end":{"line":60,"column":9}},"type":"if","locations":[{"start":{"line":46,"column":8},"end":{"line":60,"column":9}},{"start":{},"end":{}}]},"7":{"loc":{"start":{"line":49,"column":10},"end":{"line":59,"column":11}},"type":"if","locations":[{"start":{"line":49,"column":10},"end":{"line":59,"column":11}},{"start":{},"end":{}}]},"8":{"loc":{"start":{"line":49,"column":14},"end":{"line":49,"column":25}},"type":"binary-expr","locations":[{"start":{"line":49,"column":14},"end":{"line":49,"column":16}},{"start":{"line":49,"column":20},"end":{"line":49,"column":25}}]},"9":{"loc":{"start":{"line":63,"column":6},"end":{"line":65,"column":7}},"type":"if","locations":[{"start":{"line":63,"column":6},"end":{"line":65,"column":7}},{"start":{},"end":{}}]},"10":{"loc":{"start":{"line":87,"column":6},"end":{"line":89,"column":7}},"type":"if","locations":[{"start":{"line":87,"column":6},"end":{"line":89,"column":7}},{"start":{},"end":{}}]},"11":{"loc":{"start":{"line":93,"column":20},"end":{"line":93,"column":61}},"type":"binary-expr","locations":[{"start":{"line":93,"column":20},"end":{"line":93,"column":38}},{"start":{"line":93,"column":42},"end":{"line":93,"column":61}}]}},"s":{"0":2,"1":2,"2":2,"3":2,"4":3,"5":3,"6":514,"7":514,"8":11,"9":11,"10":11,"11":514,"12":2,"13":2,"14":1,"15":0,"16":0,"17":0,"18":0,"19":0,"20":0,"21":0,"22":0,"23":0,"24":0,"25":0,"26":0,"27":0,"28":0,"29":0,"30":0,"31":0,"32":0,"33":0,"34":0,"35":0,"36":0,"37":0,"38":0,"39":0,"40":0,"41":0,"42":0,"43":0,"44":0,"45":0,"46":0,"47":0,"48":0,"49":2},"f":{"0":3,"1":514,"2":0,"3":0,"4":0},"b":{"0":[0],"1":[11,503],"2":[11,0],"3":[0],"4":[0],"5":[0,0],"6":[0,0],"7":[0,0],"8":[0,0],"9":[0,0],"10":[0,0],"11":[0,0]}}
,"C:\\Users\\ebube\\OneDrive\\Masaüstü\\Yazılım\\NASA HACKATHON\\backend\\src\\services\\sources\\yoktez.ts": {"path":"C:\\Users\\ebube\\OneDrive\\Masaüstü\\Yazılım\\NASA HACKATHON\\backend\\src\\services\\sources\\yoktez.ts","statementMap":{"0":{"start":{"line":1,"column":0},"end":{"line":1,"column":50}},"1":{"start":{"line":2,"column":0},"end":{"line":2,"column":26}},"2":{"start":{"line":3,"column":0},"end":{"line":3,"column":71}},"3":{"start":{"line":4,"column":0},"end":{"line":4,"column":35}},"4":{"start":{"line":9,"column":4},"end":{"line":9,"column":12}},"5":{"start":{"line":10,"column":4},"end":{"line":10,"column":23}},"6":{"start":{"line":13,"column":4},"end":{"line":13,"column":26}},"7":{"start":{"line":14,"column":4},"end":{"line":19,"column":5}},"8":{"start":{"line":15,"column":23},"end":{"line":15,"column":47}},"9":{"start":{"line":16,"column":6},"end":{"line":18,"column":7}},"10":{"start":{"line":17,"column":8},"end":{"line":17,"column":30}},"11":{"start":{"line":20,"column":4},"end":{"line":20,"column":16}},"12":{"start":{"line":6,"column":0},"end":{"line":6,"column":13}},"13":{"start":{"line":24,"column":13},"end":{"line":24,"column":62}},"14":{"start":{"line":27,"column":9},"end":{"line":27,"column":18}},"15":{"start":{"line":30,"column":4},"end":{"line":82,"column":5}},"16":{"start":{"line":31,"column":23},"end":{"line":42,"column":null}},"17":{"start":{"line":45,"column":19},"end":{"line":45,"column":32}},"18":{"start":{"line":46,"column":38},"end":{"line":46,"column":40}},"19":{"start":{"line":48,"column":16},"end":{"line":48,"column":34}},"20":{"start":{"line":49,"column":6},"end":{"line":69,"column":9}},"21":{"start":{"line":50,"column":21},"end":{"line":50,"column":38}},"22":{"start":{"line":51,"column":8},"end":{"line":68,"column":9}},"23":{"start":{"line":52,"column":21},"end":{"line":52,"column":45}},"24":{"start":{"line":53,"column":24},"end":{"line":53,"column":48}},"25":{"start":{"line":54,"column":25},"end":{"line":54,"column":49}},"26":{"start":{"line":55,"column":23},"end":{"line":55,"column":47}},"27":{"start":{"line":57,"column":10},"end":{"line":67,"column":11}},"28":{"start":{"line":58,"column":12},"end":{"line":65,"column":15}},"29":{"start":{"line":66,"column":12},"end":{"line":66,"column":38}},"30":{"start":{"line":71,"column":6},"end":{"line":73,"column":7}},"31":{"start":{"line":72,"column":8},"end":{"line":72,"column":53}},"32":{"start":{"line":74,"column":6},"end":{"line":74,"column":63}},"33":{"start":{"line":76,"column":6},"end":{"line":76,"column":78}},"34":{"start":{"line":77,"column":24},"end":{"line":77,"column":74}},"35":{"start":{"line":78,"column":6},"end":{"line":80,"column":7}},"36":{"start":{"line":79,"column":8},"end":{"line":79,"column":42}},"37":{"start":{"line":81,"column":6},"end":{"line":81,"column":23}},"38":{"start":{"line":86,"column":4},"end":{"line":123,"column":5}},"39":{"start":{"line":87,"column":23},"end":{"line":91,"column":8}},"40":{"start":{"line":92,"column":19},"end":{"line":92,"column":32}},"41":{"start":{"line":93,"column":16},"end":{"line":93,"column":34}},"42":{"start":{"line":94,"column":25},"end":{"line":94,"column":27}},"43":{"start":{"line":96,"column":6},"end":{"line":105,"column":9}},"44":{"start":{"line":97,"column":21},"end":{"line":97,"column":40}},"45":{"start":{"line":98,"column":8},"end":{"line":104,"column":9}},"46":{"start":{"line":99,"column":22},"end":{"line":99,"column":52}},"47":{"start":{"line":100,"column":10},"end":{"line":103,"column":11}},"48":{"start":{"line":101,"column":12},"end":{"line":101,"column":31}},"49":{"start":{"line":102,"column":12},"end":{"line":102,"column":25}},"50":{"start":{"line":107,"column":6},"end":{"line":113,"column":7}},"51":{"start":{"line":108,"column":25},"end":{"line":108,"column":53}},"52":{"start":{"line":109,"column":22},"end":{"line":109,"column":124}},"53":{"start":{"line":110,"column":8},"end":{"line":112,"column":9}},"54":{"start":{"line":111,"column":10},"end":{"line":111,"column":41}},"55":{"start":{"line":115,"column":6},"end":{"line":117,"column":7}},"56":{"start":{"line":116,"column":8},"end":{"line":116,"column":28}},"57":{"start":{"line":118,"column":6},"end":{"line":118,"column":61}},"58":{"start":{"line":120,"column":6},"end":{"line":120,"column":95}},"59":{"start":{"line":121,"column":20},"end":{"line":121,"column":59}},"60":{"start":{"line":122,"column":6},"end":{"line":122,"column":55}},"61":{"start":{"line":26,"column":0},"end":{"line":26,"column":13}}},"fnMap":{"0":{"name":"(anonymous_10)","decl":{"start":{"line":8,"column":2},"end":{"line":8,"column":14}},"loc":{"start":{"line":8,"column":33},"end":{"line":11,"column":3}}},"1":{"name":"(anonymous_11)","decl":{"start":{"line":12,"column":2},"end":{"line":12,"column":5}},"loc":{"start":{"line":12,"column":22},"end":{"line":21,"column":3}}},"2":{"name":"(anonymous_12)","decl":{"start":{"line":29,"column":2},"end":{"line":29,"column":7}},"loc":{"start":{"line":29,"column":68},"end":{"line":83,"column":3}}},"3":{"name":"(anonymous_13)","decl":{"start":{"line":49,"column":19},"end":{"line":49,"column":20}},"loc":{"start":{"line":49,"column":30},"end":{"line":69,"column":7}}},"4":{"name":"(anonymous_14)","decl":{"start":{"line":85,"column":2},"end":{"line":85,"column":7}},"loc":{"start":{"line":85,"column":30},"end":{"line":124,"column":3}}},"5":{"name":"(anonymous_15)","decl":{"start":{"line":96,"column":19},"end":{"line":96,"column":20}},"loc":{"start":{"line":96,"column":29},"end":{"line":105,"column":7}}}},"branchMap":{"0":{"loc":{"start":{"line":8,"column":14},"end":{"line":8,"column":33}},"type":"default-arg","locations":[{"start":{"line":8,"column":30},"end":{"line":8,"column":33}}]},"1":{"loc":{"start":{"line":14,"column":4},"end":{"line":19,"column":5}},"type":"if","locations":[{"start":{"line":14,"column":4},"end":{"line":19,"column":5}},{"start":{},"end":{}}]},"2":{"loc":{"start":{"line":16,"column":6},"end":{"line":18,"column":7}},"type":"if","locations":[{"start":{"line":16,"column":6},"end":{"line":18,"column":7}},{"start":{},"end":{}}]},"3":{"loc":{"start":{"line":29,"column":30},"end":{"line":29,"column":48}},"type":"default-arg","locations":[{"start":{"line":29,"column":46},"end":{"line":29,"column":48}}]},"4":{"loc":{"start":{"line":29,"column":50},"end":{"line":29,"column":68}},"type":"default-arg","locations":[{"start":{"line":29,"column":67},"end":{"line":29,"column":68}}]},"5":{"loc":{"start":{"line":51,"column":8},"end":{"line":68,"column":9}},"type":"if","locations":[{"start":{"line":51,"column":8},"end":{"line":68,"column":9}},{"start":{},"end":{}}]},"6":{"loc":{"start":{"line":57,"column":10},"end":{"line":67,"column":11}},"type":"if","locations":[{"start":{"line":57,"column":10},"end":{"line":67,"column":11}},{"start":{},"end":{}}]},"7":{"loc":{"start":{"line":57,"column":14},"end":{"line":57,"column":45}},"type":"binary-expr","locations":[{"start":{"line":57,"column":14},"end":{"line":57,"column":16}},{"start":{"line":57,"column":20},"end":{"line":57,"column":25}},{"start":{"line":57,"column":29},"end":{"line":57,"column":45}}]},"8":{"loc":{"start":{"line":71,"column":6},"end":{"line":73,"column":7}},"type":"if","locations":[{"start":{"line":71,"column":6},"end":{"line":73,"column":7}},{"start":{},"end":{}}]},"9":{"loc":{"start":{"line":98,"column":8},"end":{"line":104,"column":9}},"type":"if","locations":[{"start":{"line":98,"column":8},"end":{"line":104,"column":9}},{"start":{},"end":{}}]},"10":{"loc":{"start":{"line":98,"column":12},"end":{"line":98,"column":66}},"type":"binary-expr","locations":[{"start":{"line":98,"column":12},"end":{"line":98,"column":35}},{"start":{"line":98,"column":39},"end":{"line":98,"column":66}}]},"11":{"loc":{"start":{"line":100,"column":10},"end":{"line":103,"column":11}},"type":"if","locations":[{"start":{"line":100,"column":10},"end":{"line":103,"column":11}},{"start":{},"end":{}}]},"12":{"loc":{"start":{"line":107,"column":6},"end":{"line":113,"column":7}},"type":"if","locations":[{"start":{"line":107,"column":6},"end":{"line":113,"column":7}},{"start":{},"end":{}}]},"13":{"loc":{"start":{"line":108,"column":25},"end":{"line":108,"column":53}},"type":"binary-expr","locations":[{"start":{"line":108,"column":25},"end":{"line":108,"column":41}},{"start":{"line":108,"column":45},"end":{"line":108,"column":53}}]},"14":{"loc":{"start":{"line":109,"column":22},"end":{"line":109,"column":124}},"type":"binary-expr","locations":[{"start":{"line":109,"column":22},"end":{"line":109,"column":71}},{"start":{"line":109,"column":75},"end":{"line":109,"column":124}}]},"15":{"loc":{"start":{"line":110,"column":8},"end":{"line":112,"column":9}},"type":"if","locations":[{"start":{"line":110,"column":8},"end":{"line":112,"column":9}},{"start":{},"end":{}}]},"16":{"loc":{"start":{"line":110,"column":12},"end":{"line":110,"column":29}},"type":"binary-expr","locations":[{"start":{"line":110,"column":12},"end":{"line":110,"column":17}},{"start":{"line":110,"column":21},"end":{"line":110,"column":29}}]},"17":{"loc":{"start":{"line":115,"column":6},"end":{"line":117,"column":7}},"type":"if","locations":[{"start":{"line":115,"column":6},"end":{"line":117,"column":7}},{"start":{},"end":{}}]},"18":{"loc":{"start":{"line":121,"column":20},"end":{"line":121,"column":59}},"type":"binary-expr","locations":[{"start":{"line":121,"column":20},"end":{"line":121,"column":38}},{"start":{"line":121,"column":42},"end":{"line":121,"column":59}}]}},"s":{"0":2,"1":2,"2":2,"3":2,"4":2,"5":2,"6":510,"7":510,"8":10,"9":10,"10":10,"11":510,"12":2,"13":2,"14":1,"15":0,"16":0,"17":0,"18":0,"19":0,"20":0,"21":0,"22":0,"23":0,"24":0,"25":0,"26":0,"27":0,"28":0,"29":0,"30":0,"31":0,"32":0,"33":0,"34":0,"35":0,"36":0,"37":0,"38":0,"39":0,"40":0,"41":0,"42":0,"43":0,"44":0,"45":0,"46":0,"47":0,"48":0,"49":0,"50":0,"51":0,"52":0,"53":0,"54":0,"55":0,"56":0,"57":0,"58":0,"59":0,"60":0,"61":2},"f":{"0":2,"1":510,"2":0,"3":0,"4":0,"5":0},"b":{"0":[0],"1":[10,500],"2":[10,0],"3":[0],"4":[0],"5":[0,0],"6":[0,0],"7":[0,0,0],"8":[0,0],"9":[0,0],"10":[0,0],"11":[0,0],"12":[0,0],"13":[0,0],"14":[0,0],"15":[0,0],"16":[0,0],"17":[0,0],"18":[0,0]}}
}
