TN:
SF:src\database.ts
FN:31,(anonymous_1)
FN:36,(anonymous_2)
FN:57,(anonymous_3)
FN:69,(anonymous_4)
FN:74,(anonymous_5)
FN:79,(anonymous_6)
FNF:6
FNH:4
FNDA:0,(anonymous_1)
FNDA:0,(anonymous_2)
FNDA:1,(anonymous_3)
FNDA:1,(anonymous_4)
FNDA:1,(anonymous_5)
FNDA:1,(anonymous_6)
DA:1,1
DA:2,1
DA:3,1
DA:6,1
DA:7,1
DA:8,0
DA:11,1
DA:14,1
DA:31,1
DA:32,0
DA:33,0
DA:36,1
DA:37,0
DA:45,0
DA:57,1
DA:58,1
DA:66,1
DA:69,1
DA:70,1
DA:71,1
DA:74,1
DA:75,1
DA:76,1
DA:79,1
DA:80,1
DA:81,1
LF:26
LH:21
BRDA:7,0,0,0
BRDA:7,0,1,1
BRDA:36,1,0,0
BRF:3
BRH:1
end_of_record
TN:
SF:src\index.ts
FN:35,(anonymous_1)
FN:77,(anonymous_2)
FN:87,(anonymous_3)
FN:101,(anonymous_4)
FN:122,(anonymous_5)
FN:139,(anonymous_6)
FN:172,(anonymous_7)
FN:192,(anonymous_8)
FN:198,(anonymous_9)
FN:218,(anonymous_10)
FN:241,(anonymous_11)
FN:282,(anonymous_12)
FN:298,(anonymous_13)
FN:314,(anonymous_14)
FN:329,(anonymous_15)
FN:340,(anonymous_16)
FN:397,(anonymous_17)
FNF:17
FNH:16
FNDA:18,(anonymous_1)
FNDA:2,(anonymous_2)
FNDA:2,(anonymous_3)
FNDA:1,(anonymous_4)
FNDA:1,(anonymous_5)
FNDA:2,(anonymous_6)
FNDA:1,(anonymous_7)
FNDA:2,(anonymous_8)
FNDA:2,(anonymous_9)
FNDA:1,(anonymous_10)
FNDA:1,(anonymous_11)
FNDA:1,(anonymous_12)
FNDA:1,(anonymous_13)
FNDA:1,(anonymous_14)
FNDA:1,(anonymous_15)
FNDA:5,(anonymous_16)
FNDA:0,(anonymous_17)
DA:1,1
DA:2,1
DA:3,1
DA:4,1
DA:5,1
DA:6,1
DA:7,1
DA:15,1
DA:16,1
DA:17,1
DA:18,1
DA:19,1
DA:22,1
DA:23,1
DA:25,1
DA:26,1
DA:27,1
DA:30,1
DA:34,1
DA:36,18
DA:37,18
DA:39,0
DA:45,1
DA:46,1
DA:48,1
DA:56,1
DA:58,1
DA:59,1
DA:61,1
DA:62,1
DA:63,0
DA:65,1
DA:66,1
DA:67,0
DA:71,1
DA:72,1
DA:77,1
DA:78,2
DA:79,2
DA:80,1
DA:82,1
DA:87,1
DA:88,2
DA:89,2
DA:90,1
DA:91,1
DA:94,1
DA:95,1
DA:96,0
DA:99,1
DA:100,1
DA:101,1
DA:102,1
DA:104,1
DA:107,1
DA:108,1
DA:110,1
DA:111,1
DA:112,1
DA:113,0
DA:114,0
DA:117,1
DA:118,1
DA:119,7
DA:121,1
DA:122,1
DA:124,1
DA:129,1
DA:130,1
DA:132,1
DA:134,0
DA:139,1
DA:140,2
DA:141,2
DA:143,2
DA:144,2
DA:145,2
DA:146,1
DA:147,1
DA:150,1
DA:151,1
DA:152,0
DA:153,0
DA:156,1
DA:157,1
DA:158,1
DA:160,1
DA:166,0
DA:167,0
DA:172,1
DA:173,1
DA:174,1
DA:176,1
DA:177,1
DA:178,1
DA:179,0
DA:180,0
DA:183,1
DA:184,1
DA:185,0
DA:186,0
DA:189,1
DA:192,1
DA:193,2
DA:194,1
DA:197,1
DA:198,1
DA:199,2
DA:200,1
DA:202,1
DA:203,1
DA:207,1
DA:212,0
DA:213,0
DA:218,1
DA:219,1
DA:220,1
DA:221,1
DA:222,0
DA:223,0
DA:226,1
DA:227,1
DA:228,1
DA:229,1
DA:232,1
DA:233,1
DA:235,0
DA:236,0
DA:241,1
DA:242,1
DA:243,1
DA:244,1
DA:245,0
DA:246,0
DA:249,1
DA:271,1
DA:272,1
DA:274,0
DA:275,0
DA:282,1
DA:283,1
DA:284,1
DA:285,0
DA:286,0
DA:288,1
DA:289,1
DA:290,1
DA:292,0
DA:293,0
DA:298,1
DA:299,1
DA:300,1
DA:301,0
DA:302,0
DA:304,1
DA:305,1
DA:306,1
DA:308,0
DA:309,0
DA:314,1
DA:315,1
DA:316,1
DA:317,1
DA:318,0
DA:319,0
DA:321,1
DA:323,0
DA:324,0
DA:329,1
DA:330,1
DA:331,1
DA:332,1
DA:334,0
DA:335,0
DA:340,1
DA:341,5
DA:342,5
DA:343,0
DA:344,0
DA:347,5
DA:348,5
DA:349,5
DA:350,1
DA:351,1
DA:354,4
DA:355,4
DA:356,1
DA:357,1
DA:360,3
DA:369,3
DA:370,3
DA:371,0
DA:372,0
DA:375,3
DA:377,3
DA:378,1
DA:379,1
DA:382,2
DA:383,2
DA:385,2
DA:387,2
DA:391,0
DA:392,0
DA:396,1
DA:397,0
DA:398,0
DA:402,1
LF:207
LH:160
BRDA:27,0,0,1
BRDA:27,0,1,0
BRDA:30,1,0,1
BRDA:30,1,1,0
BRDA:36,2,0,18
BRDA:36,2,1,0
BRDA:36,3,0,18
BRDA:36,3,1,0
BRDA:62,4,0,0
BRDA:62,4,1,1
BRDA:66,5,0,0
BRDA:66,5,1,1
BRDA:89,6,0,1
BRDA:89,6,1,1
BRDA:89,7,0,2
BRDA:89,7,1,1
BRDA:94,8,0,0
BRDA:94,8,1,1
BRDA:95,9,0,0
BRDA:95,9,1,1
BRDA:95,10,0,1
BRDA:95,10,1,1
BRDA:100,11,0,1
BRDA:100,11,1,0
BRDA:100,12,0,1
BRDA:100,12,1,1
BRDA:104,13,0,1
BRDA:104,13,1,0
BRDA:112,14,0,0
BRDA:112,14,1,1
BRDA:125,15,0,1
BRDA:125,15,1,0
BRDA:141,16,0,2
BRDA:141,16,1,0
BRDA:145,17,0,1
BRDA:145,17,1,1
BRDA:151,18,0,0
BRDA:151,18,1,1
BRDA:151,19,0,1
BRDA:151,19,1,1
BRDA:167,20,0,0
BRDA:167,20,1,0
BRDA:174,21,0,1
BRDA:174,21,1,0
BRDA:178,22,0,0
BRDA:178,22,1,1
BRDA:184,23,0,0
BRDA:184,23,1,1
BRDA:184,24,0,1
BRDA:184,24,1,1
BRDA:199,25,0,1
BRDA:199,25,1,1
BRDA:213,26,0,0
BRDA:213,26,1,0
BRDA:221,27,0,0
BRDA:221,27,1,1
BRDA:221,28,0,1
BRDA:221,28,1,1
BRDA:228,29,0,1
BRDA:228,29,1,0
BRDA:236,30,0,0
BRDA:236,30,1,0
BRDA:244,31,0,0
BRDA:244,31,1,1
BRDA:244,32,0,1
BRDA:244,32,1,1
BRDA:275,33,0,0
BRDA:275,33,1,0
BRDA:284,34,0,0
BRDA:284,34,1,1
BRDA:284,35,0,1
BRDA:284,35,1,1
BRDA:284,35,2,1
BRDA:300,36,0,0
BRDA:300,36,1,1
BRDA:300,37,0,1
BRDA:300,37,1,1
BRDA:317,38,0,0
BRDA:317,38,1,1
BRDA:342,39,0,0
BRDA:342,39,1,5
BRDA:342,40,0,5
BRDA:342,40,1,5
BRDA:349,41,0,1
BRDA:349,41,1,4
BRDA:349,42,0,5
BRDA:349,42,1,4
BRDA:355,43,0,1
BRDA:355,43,1,3
BRDA:370,44,0,0
BRDA:370,44,1,3
BRDA:377,45,0,1
BRDA:377,45,1,2
BRDA:396,46,0,0
BRDA:396,46,1,1
BRF:95
BRH:61
end_of_record
TN:
SF:src\services\cache.ts
FN:10,(anonymous_0)
FN:14,(anonymous_1)
FN:24,(anonymous_2)
FN:29,(anonymous_3)
FN:33,(anonymous_4)
FNF:5
FNH:3
FNDA:1,(anonymous_0)
FNDA:1,(anonymous_1)
FNDA:1,(anonymous_2)
FNDA:0,(anonymous_3)
FNDA:0,(anonymous_4)
DA:6,1
DA:7,1
DA:11,1
DA:15,1
DA:16,1
DA:17,0
DA:18,0
DA:19,0
DA:21,0
DA:25,1
DA:26,1
DA:30,0
DA:34,0
LF:13
LH:7
BRDA:10,0,0,0
BRDA:16,1,0,1
BRDA:16,1,1,0
BRDA:17,2,0,0
BRDA:17,2,1,0
BRDA:25,3,0,1
BRDA:25,3,1,1
BRF:7
BRH:3
end_of_record
TN:
SF:src\services\gemini.ts
FN:6,(anonymous_1)
FN:13,(anonymous_2)
FN:58,(anonymous_3)
FN:65,(anonymous_4)
FN:80,(anonymous_5)
FN:85,(anonymous_6)
FN:110,(anonymous_7)
FN:141,(anonymous_8)
FN:157,(anonymous_9)
FN:186,(anonymous_10)
FN:202,(anonymous_11)
FNF:11
FNH:2
FNDA:2,(anonymous_1)
FNDA:6,(anonymous_2)
FNDA:0,(anonymous_3)
FNDA:0,(anonymous_4)
FNDA:0,(anonymous_5)
FNDA:0,(anonymous_6)
FNDA:0,(anonymous_7)
FNDA:0,(anonymous_8)
FNDA:0,(anonymous_9)
FNDA:0,(anonymous_10)
FNDA:0,(anonymous_11)
DA:1,2
DA:2,2
DA:3,2
DA:6,2
DA:7,2
DA:8,2
DA:11,2
DA:13,2
DA:14,6
DA:17,6
DA:18,1
DA:20,6
DA:23,6
DA:24,6
DA:28,4
DA:29,4
DA:30,4
DA:34,3
DA:35,3
DA:36,3
DA:37,1
DA:38,1
DA:39,1
DA:40,1
DA:45,2
DA:46,2
DA:47,2
DA:48,1
DA:49,1
DA:50,1
DA:51,1
DA:55,1
DA:58,2
DA:64,0
DA:65,0
DA:66,0
DA:67,0
DA:76,0
DA:80,2
DA:81,0
DA:82,0
DA:85,2
DA:86,0
DA:87,0
DA:88,0
DA:91,0
DA:93,0
DA:101,0
DA:102,0
DA:103,0
DA:105,0
DA:106,0
DA:110,2
DA:111,0
DA:112,0
DA:113,0
DA:116,0
DA:118,0
DA:130,0
DA:131,0
DA:132,0
DA:133,0
DA:134,0
DA:136,0
DA:137,0
DA:141,2
DA:142,0
DA:143,0
DA:144,0
DA:146,0
DA:148,0
DA:149,0
DA:150,0
DA:152,0
DA:153,0
DA:157,2
DA:158,0
DA:159,0
DA:160,0
DA:163,0
DA:164,0
DA:175,0
DA:176,0
DA:177,0
DA:178,0
DA:179,0
DA:181,0
DA:182,0
DA:186,2
DA:187,0
DA:188,0
DA:189,0
DA:191,0
DA:192,0
DA:193,0
DA:194,0
DA:195,0
DA:197,0
DA:198,0
DA:202,2
DA:203,0
DA:204,0
DA:205,0
DA:214,0
LF:104
LH:40
BRDA:17,0,0,1
BRDA:17,0,1,5
BRDA:36,1,0,1
BRDA:36,1,1,2
BRDA:36,2,0,3
BRDA:36,2,1,1
BRDA:36,2,2,1
BRDA:47,3,0,1
BRDA:47,3,1,1
BRDA:47,4,0,2
BRDA:47,4,1,2
BRDA:47,4,2,1
BRDA:71,5,0,0
BRDA:71,5,1,0
BRDA:82,6,0,0
BRDA:82,6,1,0
BRDA:87,7,0,0
BRDA:87,7,1,0
BRDA:87,8,0,0
BRDA:87,8,1,0
BRDA:103,9,0,0
BRDA:103,9,1,0
BRDA:112,10,0,0
BRDA:112,10,1,0
BRDA:112,11,0,0
BRDA:112,11,1,0
BRDA:132,12,0,0
BRDA:132,12,1,0
BRDA:143,13,0,0
BRDA:143,13,1,0
BRDA:143,14,0,0
BRDA:143,14,1,0
BRDA:150,15,0,0
BRDA:150,15,1,0
BRDA:159,16,0,0
BRDA:159,16,1,0
BRDA:159,17,0,0
BRDA:159,17,1,0
BRDA:159,17,2,0
BRDA:164,18,0,0
BRDA:164,18,1,0
BRDA:172,19,0,0
BRDA:172,19,1,0
BRDA:177,20,0,0
BRDA:177,20,1,0
BRDA:179,21,0,0
BRDA:179,21,1,0
BRDA:188,22,0,0
BRDA:188,22,1,0
BRDA:188,23,0,0
BRDA:188,23,1,0
BRDA:188,23,2,0
BRDA:189,24,0,0
BRDA:189,24,1,0
BRDA:192,25,0,0
BRDA:192,25,1,0
BRDA:195,26,0,0
BRDA:195,26,1,0
BRDA:198,27,0,0
BRDA:198,27,1,0
BRDA:206,28,0,0
BRDA:206,28,1,0
BRDA:211,29,0,0
BRDA:211,29,1,0
BRF:64
BRH:12
end_of_record
TN:
SF:src\services\orchestrator.ts
FN:13,(anonymous_0)
FN:19,(anonymous_1)
FN:26,(anonymous_2)
FN:44,createDefaultOrchestrator
FNF:4
FNH:2
FNDA:1,(anonymous_0)
FNDA:0,(anonymous_1)
FNDA:0,(anonymous_2)
FNDA:1,createDefaultOrchestrator
DA:2,1
DA:3,1
DA:4,1
DA:5,1
DA:6,1
DA:7,1
DA:8,1
DA:10,1
DA:11,1
DA:14,1
DA:15,7
DA:25,0
DA:26,0
DA:29,0
DA:31,0
DA:32,0
DA:33,0
DA:34,0
DA:36,0
DA:40,0
DA:44,1
DA:45,1
LF:22
LH:13
BRDA:22,0,0,0
BRDA:23,1,0,0
BRDA:33,2,0,0
BRDA:33,2,1,0
BRF:4
BRH:0
end_of_record
TN:
SF:src\services\pubmed.ts
FN:14,(anonymous_1)
FN:52,(anonymous_2)
FN:64,(anonymous_3)
FN:85,(anonymous_4)
FN:87,(anonymous_5)
FN:97,(anonymous_6)
FNF:6
FNH:3
FNDA:10,(anonymous_1)
FNDA:5,(anonymous_2)
FNDA:5,(anonymous_3)
FNDA:0,(anonymous_4)
FNDA:0,(anonymous_5)
FNDA:0,(anonymous_6)
DA:1,2
DA:2,2
DA:4,2
DA:14,2
DA:15,10
DA:17,10
DA:28,9
DA:29,9
DA:32,4
DA:41,3
DA:42,3
DA:44,3
DA:45,5
DA:46,4
DA:47,4
DA:52,5
DA:57,3
DA:59,2
DA:60,2
DA:64,2
DA:65,5
DA:66,5
DA:75,3
DA:77,2
DA:78,2
DA:82,2
DA:83,1
DA:86,0
DA:87,0
DA:98,0
LF:30
LH:27
BRDA:14,0,0,8
BRDA:14,1,0,8
BRDA:29,2,0,5
BRDA:29,2,1,4
BRDA:29,3,0,9
BRDA:29,3,1,8
BRDA:45,4,0,4
BRDA:45,4,1,1
BRDA:52,5,0,3
BRDA:52,5,1,1
BRDA:85,6,0,0
BRDA:85,7,0,0
BRF:12
BRH:10
end_of_record
TN:
SF:src\services\sources\arxiv.ts
FN:10,(anonymous_1)
FN:24,(anonymous_2)
FN:30,(anonymous_3)
FN:36,(anonymous_4)
FNF:4
FNH:0
FNDA:0,(anonymous_1)
FNDA:0,(anonymous_2)
FNDA:0,(anonymous_3)
FNDA:0,(anonymous_4)
DA:1,1
DA:2,1
DA:3,1
DA:5,1
DA:7,1
DA:8,1
DA:11,0
DA:20,0
DA:21,0
DA:22,0
DA:24,0
DA:30,0
DA:37,0
DA:38,0
DA:42,0
DA:43,0
DA:44,0
DA:46,0
LF:18
LH:6
BRDA:10,0,0,0
BRDA:10,1,0,0
BRDA:22,2,0,0
BRDA:22,2,1,0
BRDA:22,3,0,0
BRDA:22,3,1,0
BRDA:25,4,0,0
BRDA:25,4,1,0
BRDA:26,5,0,0
BRDA:26,5,1,0
BRDA:28,6,0,0
BRDA:28,6,1,0
BRDA:29,7,0,0
BRDA:29,7,1,0
BRDA:31,8,0,0
BRDA:31,8,1,0
BRDA:32,9,0,0
BRDA:32,9,1,0
BRDA:44,10,0,0
BRDA:44,10,1,0
BRF:20
BRH:0
end_of_record
TN:
SF:src\services\sources\base.ts
FNF:0
FNH:0
DA:10,3
LF:1
LH:1
BRF:0
BRH:0
end_of_record
TN:
SF:src\services\sources\dergipark.ts
FN:9,(anonymous_1)
FN:19,(anonymous_2)
FN:25,(anonymous_3)
FN:31,(anonymous_4)
FNF:4
FNH:0
FNDA:0,(anonymous_1)
FNDA:0,(anonymous_2)
FNDA:0,(anonymous_3)
FNDA:0,(anonymous_4)
DA:1,1
DA:2,1
DA:4,1
DA:6,1
DA:7,1
DA:10,0
DA:11,0
DA:16,0
DA:17,0
DA:19,0
DA:25,0
DA:32,0
DA:33,0
DA:34,0
DA:36,0
LF:15
LH:5
BRDA:9,0,0,0
BRDA:9,1,0,0
BRDA:17,2,0,0
BRDA:17,2,1,0
BRDA:17,2,2,0
BRDA:20,3,0,0
BRDA:20,3,1,0
BRDA:21,4,0,0
BRDA:21,4,1,0
BRDA:21,4,2,0
BRDA:23,5,0,0
BRDA:23,5,1,0
BRDA:23,5,2,0
BRDA:24,6,0,0
BRDA:24,6,1,0
BRDA:25,7,0,0
BRDA:25,7,1,0
BRDA:25,8,0,0
BRDA:25,8,1,0
BRDA:27,9,0,0
BRDA:27,9,1,0
BRDA:34,10,0,0
BRDA:34,10,1,0
BRDA:34,10,2,0
BRF:24
BRH:0
end_of_record
TN:
SF:src\services\sources\openalex.ts
FN:6,decodeInvertedIndex
FN:17,(anonymous_2)
FN:18,(anonymous_3)
FN:24,(anonymous_4)
FN:37,(anonymous_5)
FN:42,(anonymous_6)
FN:47,(anonymous_7)
FNF:7
FNH:0
FNDA:0,decodeInvertedIndex
FNDA:0,(anonymous_2)
FNDA:0,(anonymous_3)
FNDA:0,(anonymous_4)
FNDA:0,(anonymous_5)
FNDA:0,(anonymous_6)
FNDA:0,(anonymous_7)
DA:1,1
DA:2,1
DA:4,1
DA:7,0
DA:9,0
DA:11,0
DA:12,0
DA:13,0
DA:17,0
DA:18,0
DA:21,1
DA:22,1
DA:25,0
DA:34,0
DA:35,0
DA:37,0
DA:42,0
DA:48,0
DA:50,0
DA:51,0
DA:53,0
LF:21
LH:5
BRDA:7,0,0,0
BRDA:7,0,1,0
BRDA:35,1,0,0
BRDA:35,1,1,0
BRDA:35,2,0,0
BRDA:35,2,1,0
BRDA:38,3,0,0
BRDA:38,3,1,0
BRDA:39,4,0,0
BRDA:39,4,1,0
BRDA:41,5,0,0
BRDA:41,5,1,0
BRDA:41,5,2,0
BRDA:42,6,0,0
BRDA:42,6,1,0
BRDA:42,7,0,0
BRDA:42,7,1,0
BRDA:43,8,0,0
BRDA:43,8,1,0
BRDA:43,9,0,0
BRDA:43,9,1,0
BRDA:51,10,0,0
BRDA:51,10,1,0
BRF:23
BRH:0
end_of_record
TN:
SF:src\services\sources\semantic-scholar.ts
FN:9,(anonymous_1)
FN:18,(anonymous_2)
FN:23,(anonymous_3)
FN:28,(anonymous_4)
FNF:4
FNH:0
FNDA:0,(anonymous_1)
FNDA:0,(anonymous_2)
FNDA:0,(anonymous_3)
FNDA:0,(anonymous_4)
DA:1,1
DA:2,1
DA:4,1
DA:6,1
DA:7,1
DA:10,0
DA:15,0
DA:16,0
DA:18,0
DA:23,0
DA:29,0
DA:34,0
LF:12
LH:5
BRDA:16,0,0,0
BRDA:16,0,1,0
BRDA:16,1,0,0
BRDA:16,1,1,0
BRDA:19,2,0,0
BRDA:19,2,1,0
BRDA:20,3,0,0
BRDA:20,3,1,0
BRDA:22,4,0,0
BRDA:22,4,1,0
BRDA:22,4,2,0
BRDA:23,5,0,0
BRDA:23,5,1,0
BRDA:24,6,0,0
BRDA:24,6,1,0
BRDA:34,7,0,0
BRDA:34,7,1,0
BRF:17
BRH:0
end_of_record
TN:
SF:src\services\sources\tr-dizin.ts
FN:8,(anonymous_10)
FN:12,(anonymous_11)
FN:30,(anonymous_12)
FN:43,(anonymous_13)
FN:78,(anonymous_14)
FNF:5
FNH:2
FNDA:3,(anonymous_10)
FNDA:514,(anonymous_11)
FNDA:0,(anonymous_12)
FNDA:0,(anonymous_13)
FNDA:0,(anonymous_14)
DA:1,2
DA:2,2
DA:3,2
DA:4,2
DA:6,2
DA:9,3
DA:10,3
DA:13,514
DA:14,514
DA:15,11
DA:16,11
DA:17,11
DA:20,514
DA:25,2
DA:27,2
DA:28,1
DA:31,0
DA:32,0
DA:33,0
DA:39,0
DA:40,0
DA:42,0
DA:43,0
DA:44,0
DA:45,0
DA:46,0
DA:47,0
DA:48,0
DA:49,0
DA:50,0
DA:58,0
DA:63,0
DA:64,0
DA:67,0
DA:69,0
DA:70,0
DA:71,0
DA:72,0
DA:74,0
DA:79,0
DA:80,0
DA:84,0
DA:85,0
DA:86,0
DA:87,0
DA:88,0
DA:90,0
DA:92,0
DA:93,0
DA:94,0
LF:50
LH:16
BRDA:8,0,0,0
BRDA:14,1,0,11
BRDA:14,1,1,503
BRDA:16,2,0,11
BRDA:16,2,1,0
BRDA:30,3,0,0
BRDA:30,4,0,0
BRDA:44,5,0,0
BRDA:44,5,1,0
BRDA:46,6,0,0
BRDA:46,6,1,0
BRDA:49,7,0,0
BRDA:49,7,1,0
BRDA:49,8,0,0
BRDA:49,8,1,0
BRDA:63,9,0,0
BRDA:63,9,1,0
BRDA:87,10,0,0
BRDA:87,10,1,0
BRDA:93,11,0,0
BRDA:93,11,1,0
BRF:21
BRH:3
end_of_record
TN:
SF:src\services\sources\yoktez.ts
FN:8,(anonymous_10)
FN:12,(anonymous_11)
FN:29,(anonymous_12)
FN:49,(anonymous_13)
FN:85,(anonymous_14)
FN:96,(anonymous_15)
FNF:6
FNH:2
FNDA:2,(anonymous_10)
FNDA:510,(anonymous_11)
FNDA:0,(anonymous_12)
FNDA:0,(anonymous_13)
FNDA:0,(anonymous_14)
FNDA:0,(anonymous_15)
DA:1,2
DA:2,2
DA:3,2
DA:4,2
DA:6,2
DA:9,2
DA:10,2
DA:13,510
DA:14,510
DA:15,10
DA:16,10
DA:17,10
DA:20,510
DA:24,2
DA:26,2
DA:27,1
DA:30,0
DA:31,0
DA:45,0
DA:46,0
DA:48,0
DA:49,0
DA:50,0
DA:51,0
DA:52,0
DA:53,0
DA:54,0
DA:55,0
DA:57,0
DA:58,0
DA:66,0
DA:71,0
DA:72,0
DA:74,0
DA:76,0
DA:77,0
DA:78,0
DA:79,0
DA:81,0
DA:86,0
DA:87,0
DA:92,0
DA:93,0
DA:94,0
DA:96,0
DA:97,0
DA:98,0
DA:99,0
DA:100,0
DA:101,0
DA:102,0
DA:107,0
DA:108,0
DA:109,0
DA:110,0
DA:111,0
DA:115,0
DA:116,0
DA:118,0
DA:120,0
DA:121,0
DA:122,0
LF:62
LH:16
BRDA:8,0,0,0
BRDA:14,1,0,10
BRDA:14,1,1,500
BRDA:16,2,0,10
BRDA:16,2,1,0
BRDA:29,3,0,0
BRDA:29,4,0,0
BRDA:51,5,0,0
BRDA:51,5,1,0
BRDA:57,6,0,0
BRDA:57,6,1,0
BRDA:57,7,0,0
BRDA:57,7,1,0
BRDA:57,7,2,0
BRDA:71,8,0,0
BRDA:71,8,1,0
BRDA:98,9,0,0
BRDA:98,9,1,0
BRDA:98,10,0,0
BRDA:98,10,1,0
BRDA:100,11,0,0
BRDA:100,11,1,0
BRDA:107,12,0,0
BRDA:107,12,1,0
BRDA:108,13,0,0
BRDA:108,13,1,0
BRDA:109,14,0,0
BRDA:109,14,1,0
BRDA:110,15,0,0
BRDA:110,15,1,0
BRDA:110,16,0,0
BRDA:110,16,1,0
BRDA:115,17,0,0
BRDA:115,17,1,0
BRDA:121,18,0,0
BRDA:121,18,1,0
BRF:36
BRH:3
end_of_record
